<?xml version="1.0" encoding= "UTF-8" ?><testsuites><properties></properties><testsuite name="megaco_SUITE" time="0.260503" timestamp="2012-11-19T18:54:04" errors="0" tests="3"><testcase group="codec.codec.text.flex_pretty.tickets.flex_compact_tickets.text.flex_pretty.tickets.flex_compact_tickets.text.flex_pretty.tickets.flex_compact_tickets.text.flex_pretty.tickets.flex_compact_tickets.text.flex_pretty.tickets.flex_compact_tickets.text.flex_pretty.timer" name="init_per_suite" time="0.034397" timestamp="2012-11-19T18:54:04" log="/home/karl/tmp/otp_tests/logs/megaco_test_logs/ct_run.ct@devbox.2012-11-19_18.26.56/tests.megaco_test.logs/run.2012-11-19_18.27.20/megaco_suite.init_per_suite.347644.15.html"></testcase><testcase group="codec.codec.text.flex_pretty.tickets.flex_compact_tickets.text.flex_pretty.tickets.flex_compact_tickets.text.flex_pretty.tickets.flex_compact_tickets.text.flex_pretty.tickets.flex_compact_tickets.text.flex_pretty.tickets.flex_compact_tickets.text.flex_pretty.timer" name="end_per_group" time="0.024394" timestamp="2012-11-19T18:54:04" log="/home/karl/tmp/otp_tests/logs/megaco_test_logs/ct_run.ct@devbox.2012-11-19_18.26.56/tests.megaco_test.logs/run.2012-11-19_18.27.20/megaco_suite.end_per_group.347644.218.html"></testcase><testcase group="codec.codec.text.flex_pretty.tickets.flex_compact_tickets.text.flex_pretty.tickets.flex_compact_tickets.text.flex_pretty.tickets.flex_compact_tickets.text.flex_pretty.tickets.flex_compact_tickets.text.flex_pretty.tickets.flex_compact_tickets.text.flex_pretty" name="end_per_suite" time="0.037799" timestamp="2012-11-19T18:54:04" log="/home/karl/tmp/otp_tests/logs/megaco_test_logs/ct_run.ct@devbox.2012-11-19_18.26.56/tests.megaco_test.logs/run.2012-11-19_18.27.20/megaco_suite.end_per_suite.347644.298.html"></testcase></testsuite><testsuite name="megaco_timer_test" time="15.900421" timestamp="2012-11-19T18:53:48" errors="0" tests="10"><testcase group="codec.codec.text.flex_pretty.tickets.flex_compact_tickets.text.flex_pretty.tickets.flex_compact_tickets.text.flex_pretty.tickets.flex_compact_tickets.text.flex_pretty.tickets.flex_compact_tickets.text.flex_pretty.tickets.flex_compact_tickets.text.flex_pretty.timer" name="init_per_suite" time="0.036683" timestamp="2012-11-19T18:53:48" log="/home/karl/tmp/otp_tests/logs/megaco_test_logs/ct_run.ct@devbox.2012-11-19_18.26.56/tests.megaco_test.logs/run.2012-11-19_18.27.20/ct_framework.init_per_suite.347628.220.html"></testcase><testcase group="codec.codec.text.flex_pretty.tickets.flex_compact_tickets.text.flex_pretty.tickets.flex_compact_tickets.text.flex_pretty.tickets.flex_compact_tickets.text.flex_pretty.tickets.flex_compact_tickets.text.flex_pretty.tickets.flex_compact_tickets.text.flex_pretty.timer.simple" name="init_per_group" time="0.028215" timestamp="2012-11-19T18:53:48" log="/home/karl/tmp/otp_tests/logs/megaco_test_logs/ct_run.ct@devbox.2012-11-19_18.26.56/tests.megaco_test.logs/run.2012-11-19_18.27.20/megaco_timer_test.init_per_group.html"></testcase><testcase group="codec.codec.text.flex_pretty.tickets.flex_compact_tickets.text.flex_pretty.tickets.flex_compact_tickets.text.flex_pretty.tickets.flex_compact_tickets.text.flex_pretty.tickets.flex_compact_tickets.text.flex_pretty.tickets.flex_compact_tickets.text.flex_pretty.timer.simple" name="simple_init" time="0.027766" timestamp="2012-11-19T18:53:48" log="/home/karl/tmp/otp_tests/logs/megaco_test_logs/ct_run.ct@devbox.2012-11-19_18.26.56/tests.megaco_test.logs/run.2012-11-19_18.27.20/megaco_timer_test.simple_init.html"></testcase><testcase group="codec.codec.text.flex_pretty.tickets.flex_compact_tickets.text.flex_pretty.tickets.flex_compact_tickets.text.flex_pretty.tickets.flex_compact_tickets.text.flex_pretty.tickets.flex_compact_tickets.text.flex_pretty.tickets.flex_compact_tickets.text.flex_pretty.timer.simple" name="simple_usage" time="0.039956" timestamp="2012-11-19T18:53:48" log="/home/karl/tmp/otp_tests/logs/megaco_test_logs/ct_run.ct@devbox.2012-11-19_18.26.56/tests.megaco_test.logs/run.2012-11-19_18.27.20/megaco_timer_test.simple_usage.html"></testcase><testcase group="codec.codec.text.flex_pretty.tickets.flex_compact_tickets.text.flex_pretty.tickets.flex_compact_tickets.text.flex_pretty.tickets.flex_compact_tickets.text.flex_pretty.tickets.flex_compact_tickets.text.flex_pretty.tickets.flex_compact_tickets.text.flex_pretty.timer.simple" name="end_per_group" time="0.025699" timestamp="2012-11-19T18:53:48" log="/home/karl/tmp/otp_tests/logs/megaco_test_logs/ct_run.ct@devbox.2012-11-19_18.26.56/tests.megaco_test.logs/run.2012-11-19_18.27.20/megaco_timer_test.end_per_group.html"></testcase><testcase group="codec.codec.text.flex_pretty.tickets.flex_compact_tickets.text.flex_pretty.tickets.flex_compact_tickets.text.flex_pretty.tickets.flex_compact_tickets.text.flex_pretty.tickets.flex_compact_tickets.text.flex_pretty.tickets.flex_compact_tickets.text.flex_pretty.timer.integer_timer" name="init_per_group" time="0.027126" timestamp="2012-11-19T18:53:48" log="/home/karl/tmp/otp_tests/logs/megaco_test_logs/ct_run.ct@devbox.2012-11-19_18.26.56/tests.megaco_test.logs/run.2012-11-19_18.27.20/megaco_timer_test.init_per_group.347628.652.html"></testcase><testcase group="codec.codec.text.flex_pretty.tickets.flex_compact_tickets.text.flex_pretty.tickets.flex_compact_tickets.text.flex_pretty.tickets.flex_compact_tickets.text.flex_pretty.tickets.flex_compact_tickets.text.flex_pretty.tickets.flex_compact_tickets.text.flex_pretty.timer.integer_timer" name="integer_timer_start_and_expire" time="5.053608" timestamp="2012-11-19T18:53:48" log="/home/karl/tmp/otp_tests/logs/megaco_test_logs/ct_run.ct@devbox.2012-11-19_18.26.56/tests.megaco_test.logs/run.2012-11-19_18.27.20/megaco_timer_test.integer_timer_start_and_expire.html"></testcase><testcase group="codec.codec.text.flex_pretty.tickets.flex_compact_tickets.text.flex_pretty.tickets.flex_compact_tickets.text.flex_pretty.tickets.flex_compact_tickets.text.flex_pretty.tickets.flex_compact_tickets.text.flex_pretty.tickets.flex_compact_tickets.text.flex_pretty.timer.integer_timer" name="integer_timer_start_and_stop" time="9.954070" timestamp="2012-11-19T18:53:53" log="/home/karl/tmp/otp_tests/logs/megaco_test_logs/ct_run.ct@devbox.2012-11-19_18.26.56/tests.megaco_test.logs/run.2012-11-19_18.27.20/megaco_timer_test.integer_timer_start_and_stop.html"></testcase><testcase group="codec.codec.text.flex_pretty.tickets.flex_compact_tickets.text.flex_pretty.tickets.flex_compact_tickets.text.flex_pretty.tickets.flex_compact_tickets.text.flex_pretty.tickets.flex_compact_tickets.text.flex_pretty.tickets.flex_compact_tickets.text.flex_pretty.timer.integer_timer" name="end_per_group" time="0.030365" timestamp="2012-11-19T18:54:03" log="/home/karl/tmp/otp_tests/logs/megaco_test_logs/ct_run.ct@devbox.2012-11-19_18.26.56/tests.megaco_test.logs/run.2012-11-19_18.27.20/megaco_timer_test.end_per_group.347643.846.html"></testcase><testcase group="codec.codec.text.flex_pretty.tickets.flex_compact_tickets.text.flex_pretty.tickets.flex_compact_tickets.text.flex_pretty.tickets.flex_compact_tickets.text.flex_pretty.tickets.flex_compact_tickets.text.flex_pretty.tickets.flex_compact_tickets.text.flex_pretty.timer" name="end_per_suite" time="0.032493" timestamp="2012-11-19T18:54:03" log="/home/karl/tmp/otp_tests/logs/megaco_test_logs/ct_run.ct@devbox.2012-11-19_18.26.56/tests.megaco_test.logs/run.2012-11-19_18.27.20/ct_framework.end_per_suite.347643.936.html"></testcase></testsuite><testsuite name="megaco_SUITE" time="0.342645" timestamp="2012-11-19T18:53:47" errors="0" tests="4"><testcase group="codec.codec.text.flex_pretty.tickets.flex_compact_tickets.text.flex_pretty.tickets.flex_compact_tickets.text.flex_pretty.tickets.flex_compact_tickets.text.flex_pretty.tickets.flex_compact_tickets.text.flex_pretty.tickets.flex_compact_tickets.text.flex_pretty.segmented" name="init_per_suite" time="0.044314" timestamp="2012-11-19T18:53:47" log="/home/karl/tmp/otp_tests/logs/megaco_test_logs/ct_run.ct@devbox.2012-11-19_18.26.56/tests.megaco_test.logs/run.2012-11-19_18.27.20/megaco_suite.init_per_suite.347627.759.html"></testcase><testcase group="codec.codec.text.flex_pretty.tickets.flex_compact_tickets.text.flex_pretty.tickets.flex_compact_tickets.text.flex_pretty.tickets.flex_compact_tickets.text.flex_pretty.tickets.flex_compact_tickets.text.flex_pretty.tickets.flex_compact_tickets.text.flex_pretty.segmented" name="end_per_group" time="0.030175" timestamp="2012-11-19T18:53:47" log="/home/karl/tmp/otp_tests/logs/megaco_test_logs/ct_run.ct@devbox.2012-11-19_18.26.56/tests.megaco_test.logs/run.2012-11-19_18.27.20/megaco_suite.end_per_group.347627.984.html"></testcase><testcase group="codec.codec.text.flex_pretty.tickets.flex_compact_tickets.text.flex_pretty.tickets.flex_compact_tickets.text.flex_pretty.tickets.flex_compact_tickets.text.flex_pretty.tickets.flex_compact_tickets.text.flex_pretty.tickets.flex_compact_tickets.text.flex_pretty.timer" name="init_per_group" time="0.021864" timestamp="2012-11-19T18:53:48" log="/home/karl/tmp/otp_tests/logs/megaco_test_logs/ct_run.ct@devbox.2012-11-19_18.26.56/tests.megaco_test.logs/run.2012-11-19_18.27.20/megaco_suite.init_per_group.347628.63.html"></testcase><testcase group="codec.codec.text.flex_pretty.tickets.flex_compact_tickets.text.flex_pretty.tickets.flex_compact_tickets.text.flex_pretty.tickets.flex_compact_tickets.text.flex_pretty.tickets.flex_compact_tickets.text.flex_pretty.tickets.flex_compact_tickets.text.flex_pretty.timer" name="end_per_suite" time="0.026216" timestamp="2012-11-19T18:53:48" log="/home/karl/tmp/otp_tests/logs/megaco_test_logs/ct_run.ct@devbox.2012-11-19_18.26.56/tests.megaco_test.logs/run.2012-11-19_18.27.20/megaco_suite.end_per_suite.347628.135.html"></testcase></testsuite><testsuite name="megaco_segment_test" time="142.954250" timestamp="2012-11-19T18:51:24" errors="1" tests="17"><testcase group="codec.codec.text.flex_pretty.tickets.flex_compact_tickets.text.flex_pretty.tickets.flex_compact_tickets.text.flex_pretty.tickets.flex_compact_tickets.text.flex_pretty.tickets.flex_compact_tickets.text.flex_pretty.tickets.flex_compact_tickets.text.flex_pretty.segmented" name="init_per_suite" time="0.028575" timestamp="2012-11-19T18:51:24" log="/home/karl/tmp/otp_tests/logs/megaco_test_logs/ct_run.ct@devbox.2012-11-19_18.26.56/tests.megaco_test.logs/run.2012-11-19_18.27.20/ct_framework.init_per_suite.347484.919.html"></testcase><testcase group="codec.codec.text.flex_pretty.tickets.flex_compact_tickets.text.flex_pretty.tickets.flex_compact_tickets.text.flex_pretty.tickets.flex_compact_tickets.text.flex_pretty.tickets.flex_compact_tickets.text.flex_pretty.tickets.flex_compact_tickets.text.flex_pretty.segmented.send" name="init_per_group" time="0.027625" timestamp="2012-11-19T18:51:25" log="/home/karl/tmp/otp_tests/logs/megaco_test_logs/ct_run.ct@devbox.2012-11-19_18.26.56/tests.megaco_test.logs/run.2012-11-19_18.27.20/megaco_segment_test.init_per_group.html"></testcase><testcase group="codec.codec.text.flex_pretty.tickets.flex_compact_tickets.text.flex_pretty.tickets.flex_compact_tickets.text.flex_pretty.tickets.flex_compact_tickets.text.flex_pretty.tickets.flex_compact_tickets.text.flex_pretty.tickets.flex_compact_tickets.text.flex_pretty.segmented.send" name="send_segmented_msg_plain1" time="6.200902" timestamp="2012-11-19T18:51:25" log="/home/karl/tmp/otp_tests/logs/megaco_test_logs/ct_run.ct@devbox.2012-11-19_18.26.56/tests.megaco_test.logs/run.2012-11-19_18.27.20/megaco_segment_test.send_segmented_msg_plain1.html"></testcase><testcase group="codec.codec.text.flex_pretty.tickets.flex_compact_tickets.text.flex_pretty.tickets.flex_compact_tickets.text.flex_pretty.tickets.flex_compact_tickets.text.flex_pretty.tickets.flex_compact_tickets.text.flex_pretty.tickets.flex_compact_tickets.text.flex_pretty.segmented.send" name="send_segmented_msg_plain2" time="0.029413" timestamp="2012-11-19T18:51:31" log="/home/karl/tmp/otp_tests/logs/megaco_test_logs/ct_run.ct@devbox.2012-11-19_18.26.56/tests.megaco_test.logs/run.2012-11-19_18.27.20/megaco_segment_test.send_segmented_msg_plain2.html"><skipped type="skip" message="Test send_segmented_msg_plain2 in megaco_segment_test skipped!">{tc_user_skip,{skipped,&quot;Skipping test case megaco_segment_test(714): non_pc_testcase\n&quot;}}</skipped></testcase><testcase group="codec.codec.text.flex_pretty.tickets.flex_compact_tickets.text.flex_pretty.tickets.flex_compact_tickets.text.flex_pretty.tickets.flex_compact_tickets.text.flex_pretty.tickets.flex_compact_tickets.text.flex_pretty.tickets.flex_compact_tickets.text.flex_pretty.segmented.send" name="send_segmented_msg_plain3" time="7.829154" timestamp="2012-11-19T18:51:31" log="/home/karl/tmp/otp_tests/logs/megaco_test_logs/ct_run.ct@devbox.2012-11-19_18.26.56/tests.megaco_test.logs/run.2012-11-19_18.27.20/megaco_segment_test.send_segmented_msg_plain3.html"></testcase><testcase group="codec.codec.text.flex_pretty.tickets.flex_compact_tickets.text.flex_pretty.tickets.flex_compact_tickets.text.flex_pretty.tickets.flex_compact_tickets.text.flex_pretty.tickets.flex_compact_tickets.text.flex_pretty.tickets.flex_compact_tickets.text.flex_pretty.segmented.send" name="send_segmented_msg_plain4" time="15.037364" timestamp="2012-11-19T18:51:39" log="/home/karl/tmp/otp_tests/logs/megaco_test_logs/ct_run.ct@devbox.2012-11-19_18.26.56/tests.megaco_test.logs/run.2012-11-19_18.27.20/megaco_segment_test.send_segmented_msg_plain4.html"></testcase><testcase group="codec.codec.text.flex_pretty.tickets.flex_compact_tickets.text.flex_pretty.tickets.flex_compact_tickets.text.flex_pretty.tickets.flex_compact_tickets.text.flex_pretty.tickets.flex_compact_tickets.text.flex_pretty.tickets.flex_compact_tickets.text.flex_pretty.segmented.send" name="send_segmented_msg_ooo1" time="15.115767" timestamp="2012-11-19T18:51:54" log="/home/karl/tmp/otp_tests/logs/megaco_test_logs/ct_run.ct@devbox.2012-11-19_18.26.56/tests.megaco_test.logs/run.2012-11-19_18.27.20/megaco_segment_test.send_segmented_msg_ooo1.html"></testcase><testcase group="codec.codec.text.flex_pretty.tickets.flex_compact_tickets.text.flex_pretty.tickets.flex_compact_tickets.text.flex_pretty.tickets.flex_compact_tickets.text.flex_pretty.tickets.flex_compact_tickets.text.flex_pretty.tickets.flex_compact_tickets.text.flex_pretty.segmented.send" name="send_segmented_msg_missing_seg_reply1" time="13.603034" timestamp="2012-11-19T18:52:09" log="/home/karl/tmp/otp_tests/logs/megaco_test_logs/ct_run.ct@devbox.2012-11-19_18.26.56/tests.megaco_test.logs/run.2012-11-19_18.27.20/megaco_segment_test.send_segmented_msg_missing_seg_reply1.html"></testcase><testcase group="codec.codec.text.flex_pretty.tickets.flex_compact_tickets.text.flex_pretty.tickets.flex_compact_tickets.text.flex_pretty.tickets.flex_compact_tickets.text.flex_pretty.tickets.flex_compact_tickets.text.flex_pretty.tickets.flex_compact_tickets.text.flex_pretty.segmented.send" name="send_segmented_msg_missing_seg_reply2" time="17.533014" timestamp="2012-11-19T18:52:23" log="/home/karl/tmp/otp_tests/logs/megaco_test_logs/ct_run.ct@devbox.2012-11-19_18.26.56/tests.megaco_test.logs/run.2012-11-19_18.27.20/megaco_segment_test.send_segmented_msg_missing_seg_reply2.html"></testcase><testcase group="codec.codec.text.flex_pretty.tickets.flex_compact_tickets.text.flex_pretty.tickets.flex_compact_tickets.text.flex_pretty.tickets.flex_compact_tickets.text.flex_pretty.tickets.flex_compact_tickets.text.flex_pretty.tickets.flex_compact_tickets.text.flex_pretty.segmented.send" name="end_per_group" time="0.035846" timestamp="2012-11-19T18:52:40" log="/home/karl/tmp/otp_tests/logs/megaco_test_logs/ct_run.ct@devbox.2012-11-19_18.26.56/tests.megaco_test.logs/run.2012-11-19_18.27.20/megaco_segment_test.end_per_group.html"></testcase><testcase group="codec.codec.text.flex_pretty.tickets.flex_compact_tickets.text.flex_pretty.tickets.flex_compact_tickets.text.flex_pretty.tickets.flex_compact_tickets.text.flex_pretty.tickets.flex_compact_tickets.text.flex_pretty.tickets.flex_compact_tickets.text.flex_pretty.segmented.recv" name="init_per_group" time="0.022514" timestamp="2012-11-19T18:52:40" log="/home/karl/tmp/otp_tests/logs/megaco_test_logs/ct_run.ct@devbox.2012-11-19_18.26.56/tests.megaco_test.logs/run.2012-11-19_18.27.20/megaco_segment_test.init_per_group.347560.979.html"></testcase><testcase group="codec.codec.text.flex_pretty.tickets.flex_compact_tickets.text.flex_pretty.tickets.flex_compact_tickets.text.flex_pretty.tickets.flex_compact_tickets.text.flex_pretty.tickets.flex_compact_tickets.text.flex_pretty.tickets.flex_compact_tickets.text.flex_pretty.segmented.recv" name="recv_segmented_msg_plain" time="9.064798" timestamp="2012-11-19T18:52:41" log="/home/karl/tmp/otp_tests/logs/megaco_test_logs/ct_run.ct@devbox.2012-11-19_18.26.56/tests.megaco_test.logs/run.2012-11-19_18.27.20/megaco_segment_test.recv_segmented_msg_plain.html"></testcase><testcase group="codec.codec.text.flex_pretty.tickets.flex_compact_tickets.text.flex_pretty.tickets.flex_compact_tickets.text.flex_pretty.tickets.flex_compact_tickets.text.flex_pretty.tickets.flex_compact_tickets.text.flex_pretty.tickets.flex_compact_tickets.text.flex_pretty.segmented.recv" name="recv_segmented_msg_ooo_seg" time="17.104792" timestamp="2012-11-19T18:52:50" log="/home/karl/tmp/otp_tests/logs/megaco_test_logs/ct_run.ct@devbox.2012-11-19_18.26.56/tests.megaco_test.logs/run.2012-11-19_18.27.20/megaco_segment_test.recv_segmented_msg_ooo_seg.html"></testcase><testcase group="codec.codec.text.flex_pretty.tickets.flex_compact_tickets.text.flex_pretty.tickets.flex_compact_tickets.text.flex_pretty.tickets.flex_compact_tickets.text.flex_pretty.tickets.flex_compact_tickets.text.flex_pretty.tickets.flex_compact_tickets.text.flex_pretty.segmented.recv" name="recv_segmented_msg_missing_seg1" time="20.067324" timestamp="2012-11-19T18:53:07" log="/home/karl/tmp/otp_tests/logs/megaco_test_logs/ct_run.ct@devbox.2012-11-19_18.26.56/tests.megaco_test.logs/run.2012-11-19_18.27.20/megaco_segment_test.recv_segmented_msg_missing_seg1.html"></testcase><testcase group="codec.codec.text.flex_pretty.tickets.flex_compact_tickets.text.flex_pretty.tickets.flex_compact_tickets.text.flex_pretty.tickets.flex_compact_tickets.text.flex_pretty.tickets.flex_compact_tickets.text.flex_pretty.tickets.flex_compact_tickets.text.flex_pretty.segmented.recv" name="recv_segmented_msg_missing_seg2" time="20.038531" timestamp="2012-11-19T18:53:27" log="/home/karl/tmp/otp_tests/logs/megaco_test_logs/ct_run.ct@devbox.2012-11-19_18.26.56/tests.megaco_test.logs/run.2012-11-19_18.27.20/megaco_segment_test.recv_segmented_msg_missing_seg2.html"></testcase><testcase group="codec.codec.text.flex_pretty.tickets.flex_compact_tickets.text.flex_pretty.tickets.flex_compact_tickets.text.flex_pretty.tickets.flex_compact_tickets.text.flex_pretty.tickets.flex_compact_tickets.text.flex_pretty.tickets.flex_compact_tickets.text.flex_pretty.segmented.recv" name="end_per_group" time="0.040874" timestamp="2012-11-19T18:53:47" log="/home/karl/tmp/otp_tests/logs/megaco_test_logs/ct_run.ct@devbox.2012-11-19_18.26.56/tests.megaco_test.logs/run.2012-11-19_18.27.20/megaco_segment_test.end_per_group.347627.586.html"></testcase><testcase group="codec.codec.text.flex_pretty.tickets.flex_compact_tickets.text.flex_pretty.tickets.flex_compact_tickets.text.flex_pretty.tickets.flex_compact_tickets.text.flex_pretty.tickets.flex_compact_tickets.text.flex_pretty.tickets.flex_compact_tickets.text.flex_pretty.segmented" name="end_per_suite" time="0.027500" timestamp="2012-11-19T18:53:47" log="/home/karl/tmp/otp_tests/logs/megaco_test_logs/ct_run.ct@devbox.2012-11-19_18.26.56/tests.megaco_test.logs/run.2012-11-19_18.27.20/ct_framework.end_per_suite.347627.680.html"></testcase></testsuite><testsuite name="megaco_SUITE" time="0.342852" timestamp="2012-11-19T18:51:24" errors="0" tests="4"><testcase group="codec.codec.text.flex_pretty.tickets.flex_compact_tickets.text.flex_pretty.tickets.flex_compact_tickets.text.flex_pretty.tickets.flex_compact_tickets.text.flex_pretty.tickets.flex_compact_tickets.text.flex_pretty.tickets.flex_compact_tickets.text.flex_pretty.pending_limit" name="init_per_suite" time="0.048697" timestamp="2012-11-19T18:51:24" log="/home/karl/tmp/otp_tests/logs/megaco_test_logs/ct_run.ct@devbox.2012-11-19_18.26.56/tests.megaco_test.logs/run.2012-11-19_18.27.20/megaco_suite.init_per_suite.347484.474.html"></testcase><testcase group="codec.codec.text.flex_pretty.tickets.flex_compact_tickets.text.flex_pretty.tickets.flex_compact_tickets.text.flex_pretty.tickets.flex_compact_tickets.text.flex_pretty.tickets.flex_compact_tickets.text.flex_pretty.tickets.flex_compact_tickets.text.flex_pretty.pending_limit" name="end_per_group" time="0.020060" timestamp="2012-11-19T18:51:24" log="/home/karl/tmp/otp_tests/logs/megaco_test_logs/ct_run.ct@devbox.2012-11-19_18.26.56/tests.megaco_test.logs/run.2012-11-19_18.27.20/megaco_suite.end_per_group.347484.693.html"></testcase><testcase group="codec.codec.text.flex_pretty.tickets.flex_compact_tickets.text.flex_pretty.tickets.flex_compact_tickets.text.flex_pretty.tickets.flex_compact_tickets.text.flex_pretty.tickets.flex_compact_tickets.text.flex_pretty.tickets.flex_compact_tickets.text.flex_pretty.segmented" name="init_per_group" time="0.024800" timestamp="2012-11-19T18:51:24" log="/home/karl/tmp/otp_tests/logs/megaco_test_logs/ct_run.ct@devbox.2012-11-19_18.26.56/tests.megaco_test.logs/run.2012-11-19_18.27.20/megaco_suite.init_per_group.347484.761.html"></testcase><testcase group="codec.codec.text.flex_pretty.tickets.flex_compact_tickets.text.flex_pretty.tickets.flex_compact_tickets.text.flex_pretty.tickets.flex_compact_tickets.text.flex_pretty.tickets.flex_compact_tickets.text.flex_pretty.tickets.flex_compact_tickets.text.flex_pretty.segmented" name="end_per_suite" time="0.028672" timestamp="2012-11-19T18:51:24" log="/home/karl/tmp/otp_tests/logs/megaco_test_logs/ct_run.ct@devbox.2012-11-19_18.26.56/tests.megaco_test.logs/run.2012-11-19_18.27.20/megaco_suite.end_per_suite.347484.840.html"></testcase></testsuite><testsuite name="megaco_pending_limit_test" time="109.083336" timestamp="2012-11-19T18:49:35" errors="4" tests="19"><testcase group="codec.codec.text.flex_pretty.tickets.flex_compact_tickets.text.flex_pretty.tickets.flex_compact_tickets.text.flex_pretty.tickets.flex_compact_tickets.text.flex_pretty.tickets.flex_compact_tickets.text.flex_pretty.tickets.flex_compact_tickets.text.flex_pretty.pending_limit" name="init_per_suite" time="0.035213" timestamp="2012-11-19T18:49:35" log="/home/karl/tmp/otp_tests/logs/megaco_test_logs/ct_run.ct@devbox.2012-11-19_18.26.56/tests.megaco_test.logs/run.2012-11-19_18.27.20/ct_framework.init_per_suite.347375.494.html"></testcase><testcase group="codec.codec.text.flex_pretty.tickets.flex_compact_tickets.text.flex_pretty.tickets.flex_compact_tickets.text.flex_pretty.tickets.flex_compact_tickets.text.flex_pretty.tickets.flex_compact_tickets.text.flex_pretty.tickets.flex_compact_tickets.text.flex_pretty.pending_limit.sent" name="init_per_group" time="0.025462" timestamp="2012-11-19T18:49:35" log="/home/karl/tmp/otp_tests/logs/megaco_test_logs/ct_run.ct@devbox.2012-11-19_18.26.56/tests.megaco_test.logs/run.2012-11-19_18.27.20/megaco_pending_limit_test.init_per_group.html"></testcase><testcase group="codec.codec.text.flex_pretty.tickets.flex_compact_tickets.text.flex_pretty.tickets.flex_compact_tickets.text.flex_pretty.tickets.flex_compact_tickets.text.flex_pretty.tickets.flex_compact_tickets.text.flex_pretty.tickets.flex_compact_tickets.text.flex_pretty.pending_limit.sent" name="sent_timer_late_reply" time="11.964344" timestamp="2012-11-19T18:49:35" log="/home/karl/tmp/otp_tests/logs/megaco_test_logs/ct_run.ct@devbox.2012-11-19_18.26.56/tests.megaco_test.logs/run.2012-11-19_18.27.20/megaco_pending_limit_test.sent_timer_late_reply.html"></testcase><testcase group="codec.codec.text.flex_pretty.tickets.flex_compact_tickets.text.flex_pretty.tickets.flex_compact_tickets.text.flex_pretty.tickets.flex_compact_tickets.text.flex_pretty.tickets.flex_compact_tickets.text.flex_pretty.tickets.flex_compact_tickets.text.flex_pretty.pending_limit.sent" name="sent_timer_exceeded" time="36.016203" timestamp="2012-11-19T18:49:47" log="/home/karl/tmp/otp_tests/logs/megaco_test_logs/ct_run.ct@devbox.2012-11-19_18.26.56/tests.megaco_test.logs/run.2012-11-19_18.27.20/megaco_pending_limit_test.sent_timer_exceeded.html"></testcase><testcase group="codec.codec.text.flex_pretty.tickets.flex_compact_tickets.text.flex_pretty.tickets.flex_compact_tickets.text.flex_pretty.tickets.flex_compact_tickets.text.flex_pretty.tickets.flex_compact_tickets.text.flex_pretty.tickets.flex_compact_tickets.text.flex_pretty.pending_limit.sent" name="sent_timer_exceeded_long" time="25.985459" timestamp="2012-11-19T18:50:23" log="/home/karl/tmp/otp_tests/logs/megaco_test_logs/ct_run.ct@devbox.2012-11-19_18.26.56/tests.megaco_test.logs/run.2012-11-19_18.27.20/megaco_pending_limit_test.sent_timer_exceeded_long.html"></testcase><testcase group="codec.codec.text.flex_pretty.tickets.flex_compact_tickets.text.flex_pretty.tickets.flex_compact_tickets.text.flex_pretty.tickets.flex_compact_tickets.text.flex_pretty.tickets.flex_compact_tickets.text.flex_pretty.tickets.flex_compact_tickets.text.flex_pretty.pending_limit.sent" name="sent_resend_late_reply" time="0.029520" timestamp="2012-11-19T18:50:49" log="/home/karl/tmp/otp_tests/logs/megaco_test_logs/ct_run.ct@devbox.2012-11-19_18.26.56/tests.megaco_test.logs/run.2012-11-19_18.27.20/megaco_pending_limit_test.sent_resend_late_reply.html"><skipped type="skip" message="Test sent_resend_late_reply in megaco_pending_limit_test skipped!">{tc_user_skip,{skipped,&quot;Skipping test case megaco_pending_limit_test(478): \&quot;included only if compiled with USE_MEGACO_TEST_CODE=true\&quot;\n&quot;}}</skipped></testcase><testcase group="codec.codec.text.flex_pretty.tickets.flex_compact_tickets.text.flex_pretty.tickets.flex_compact_tickets.text.flex_pretty.tickets.flex_compact_tickets.text.flex_pretty.tickets.flex_compact_tickets.text.flex_pretty.tickets.flex_compact_tickets.text.flex_pretty.pending_limit.sent" name="sent_resend_exceeded" time="0.030038" timestamp="2012-11-19T18:50:49" log="/home/karl/tmp/otp_tests/logs/megaco_test_logs/ct_run.ct@devbox.2012-11-19_18.26.56/tests.megaco_test.logs/run.2012-11-19_18.27.20/megaco_pending_limit_test.sent_resend_exceeded.html"><skipped type="skip" message="Test sent_resend_exceeded in megaco_pending_limit_test skipped!">{tc_user_skip,{skipped,&quot;Skipping test case megaco_pending_limit_test(574): \&quot;included only if compiled with USE_MEGACO_TEST_CODE=true\&quot;\n&quot;}}</skipped></testcase><testcase group="codec.codec.text.flex_pretty.tickets.flex_compact_tickets.text.flex_pretty.tickets.flex_compact_tickets.text.flex_pretty.tickets.flex_compact_tickets.text.flex_pretty.tickets.flex_compact_tickets.text.flex_pretty.tickets.flex_compact_tickets.text.flex_pretty.pending_limit.sent" name="sent_resend_exceeded_long" time="0.031682" timestamp="2012-11-19T18:50:50" log="/home/karl/tmp/otp_tests/logs/megaco_test_logs/ct_run.ct@devbox.2012-11-19_18.26.56/tests.megaco_test.logs/run.2012-11-19_18.27.20/megaco_pending_limit_test.sent_resend_exceeded_long.html"><skipped type="skip" message="Test sent_resend_exceeded_long in megaco_pending_limit_test skipped!">{tc_user_skip,{skipped,&quot;Skipping test case megaco_pending_limit_test(670): \&quot;included only if compiled with USE_MEGACO_TEST_CODE=true\&quot;\n&quot;}}</skipped></testcase><testcase group="codec.codec.text.flex_pretty.tickets.flex_compact_tickets.text.flex_pretty.tickets.flex_compact_tickets.text.flex_pretty.tickets.flex_compact_tickets.text.flex_pretty.tickets.flex_compact_tickets.text.flex_pretty.tickets.flex_compact_tickets.text.flex_pretty.pending_limit.sent" name="end_per_group" time="0.026760" timestamp="2012-11-19T18:50:50" log="/home/karl/tmp/otp_tests/logs/megaco_test_logs/ct_run.ct@devbox.2012-11-19_18.26.56/tests.megaco_test.logs/run.2012-11-19_18.27.20/megaco_pending_limit_test.end_per_group.html"></testcase><testcase group="codec.codec.text.flex_pretty.tickets.flex_compact_tickets.text.flex_pretty.tickets.flex_compact_tickets.text.flex_pretty.tickets.flex_compact_tickets.text.flex_pretty.tickets.flex_compact_tickets.text.flex_pretty.tickets.flex_compact_tickets.text.flex_pretty.pending_limit.recv" name="init_per_group" time="0.030509" timestamp="2012-11-19T18:50:50" log="/home/karl/tmp/otp_tests/logs/megaco_test_logs/ct_run.ct@devbox.2012-11-19_18.26.56/tests.megaco_test.logs/run.2012-11-19_18.27.20/megaco_pending_limit_test.init_per_group.347450.322.html"></testcase><testcase group="codec.codec.text.flex_pretty.tickets.flex_compact_tickets.text.flex_pretty.tickets.flex_compact_tickets.text.flex_pretty.tickets.flex_compact_tickets.text.flex_pretty.tickets.flex_compact_tickets.text.flex_pretty.tickets.flex_compact_tickets.text.flex_pretty.pending_limit.recv" name="recv_limit_exceeded1" time="7.431615" timestamp="2012-11-19T18:50:50" log="/home/karl/tmp/otp_tests/logs/megaco_test_logs/ct_run.ct@devbox.2012-11-19_18.26.56/tests.megaco_test.logs/run.2012-11-19_18.27.20/megaco_pending_limit_test.recv_limit_exceeded1.html"></testcase><testcase group="codec.codec.text.flex_pretty.tickets.flex_compact_tickets.text.flex_pretty.tickets.flex_compact_tickets.text.flex_pretty.tickets.flex_compact_tickets.text.flex_pretty.tickets.flex_compact_tickets.text.flex_pretty.tickets.flex_compact_tickets.text.flex_pretty.pending_limit.recv" name="recv_limit_exceeded2" time="0.026991" timestamp="2012-11-19T18:50:57" log="/home/karl/tmp/otp_tests/logs/megaco_test_logs/ct_run.ct@devbox.2012-11-19_18.26.56/tests.megaco_test.logs/run.2012-11-19_18.27.20/megaco_pending_limit_test.recv_limit_exceeded2.html"><skipped type="skip" message="Test recv_limit_exceeded2 in megaco_pending_limit_test skipped!">{tc_user_skip,{skipped,&quot;Skipping test case megaco_pending_limit_test(1074): not_yet_implemented\n&quot;}}</skipped></testcase><testcase group="codec.codec.text.flex_pretty.tickets.flex_compact_tickets.text.flex_pretty.tickets.flex_compact_tickets.text.flex_pretty.tickets.flex_compact_tickets.text.flex_pretty.tickets.flex_compact_tickets.text.flex_pretty.tickets.flex_compact_tickets.text.flex_pretty.pending_limit.recv" name="end_per_group" time="0.026523" timestamp="2012-11-19T18:50:58" log="/home/karl/tmp/otp_tests/logs/megaco_test_logs/ct_run.ct@devbox.2012-11-19_18.26.56/tests.megaco_test.logs/run.2012-11-19_18.27.20/megaco_pending_limit_test.end_per_group.347458.19.html"></testcase><testcase group="codec.codec.text.flex_pretty.tickets.flex_compact_tickets.text.flex_pretty.tickets.flex_compact_tickets.text.flex_pretty.tickets.flex_compact_tickets.text.flex_pretty.tickets.flex_compact_tickets.text.flex_pretty.tickets.flex_compact_tickets.text.flex_pretty.pending_limit.tickets" name="init_per_group" time="0.026524" timestamp="2012-11-19T18:50:58" log="/home/karl/tmp/otp_tests/logs/megaco_test_logs/ct_run.ct@devbox.2012-11-19_18.26.56/tests.megaco_test.logs/run.2012-11-19_18.27.20/megaco_pending_limit_test.init_per_group.347458.102.html"></testcase><testcase group="codec.codec.text.flex_pretty.tickets.flex_compact_tickets.text.flex_pretty.tickets.flex_compact_tickets.text.flex_pretty.tickets.flex_compact_tickets.text.flex_pretty.tickets.flex_compact_tickets.text.flex_pretty.tickets.flex_compact_tickets.text.flex_pretty.pending_limit.tickets" name="otp_4956" time="16.025343" timestamp="2012-11-19T18:50:58" log="/home/karl/tmp/otp_tests/logs/megaco_test_logs/ct_run.ct@devbox.2012-11-19_18.26.56/tests.megaco_test.logs/run.2012-11-19_18.27.20/megaco_pending_limit_test.otp_4956.html"></testcase><testcase group="codec.codec.text.flex_pretty.tickets.flex_compact_tickets.text.flex_pretty.tickets.flex_compact_tickets.text.flex_pretty.tickets.flex_compact_tickets.text.flex_pretty.tickets.flex_compact_tickets.text.flex_pretty.tickets.flex_compact_tickets.text.flex_pretty.pending_limit.tickets" name="otp_5310" time="4.928848" timestamp="2012-11-19T18:51:14" log="/home/karl/tmp/otp_tests/logs/megaco_test_logs/ct_run.ct@devbox.2012-11-19_18.26.56/tests.megaco_test.logs/run.2012-11-19_18.27.20/megaco_pending_limit_test.otp_5310.html"></testcase><testcase group="codec.codec.text.flex_pretty.tickets.flex_compact_tickets.text.flex_pretty.tickets.flex_compact_tickets.text.flex_pretty.tickets.flex_compact_tickets.text.flex_pretty.tickets.flex_compact_tickets.text.flex_pretty.tickets.flex_compact_tickets.text.flex_pretty.pending_limit.tickets" name="otp_5619" time="4.991881" timestamp="2012-11-19T18:51:19" log="/home/karl/tmp/otp_tests/logs/megaco_test_logs/ct_run.ct@devbox.2012-11-19_18.26.56/tests.megaco_test.logs/run.2012-11-19_18.27.20/megaco_pending_limit_test.otp_5619.html"></testcase><testcase group="codec.codec.text.flex_pretty.tickets.flex_compact_tickets.text.flex_pretty.tickets.flex_compact_tickets.text.flex_pretty.tickets.flex_compact_tickets.text.flex_pretty.tickets.flex_compact_tickets.text.flex_pretty.tickets.flex_compact_tickets.text.flex_pretty.pending_limit.tickets" name="end_per_group" time="0.031119" timestamp="2012-11-19T18:51:24" log="/home/karl/tmp/otp_tests/logs/megaco_test_logs/ct_run.ct@devbox.2012-11-19_18.26.56/tests.megaco_test.logs/run.2012-11-19_18.27.20/megaco_pending_limit_test.end_per_group.347484.309.html"></testcase><testcase group="codec.codec.text.flex_pretty.tickets.flex_compact_tickets.text.flex_pretty.tickets.flex_compact_tickets.text.flex_pretty.tickets.flex_compact_tickets.text.flex_pretty.tickets.flex_compact_tickets.text.flex_pretty.tickets.flex_compact_tickets.text.flex_pretty.pending_limit" name="end_per_suite" time="0.024902" timestamp="2012-11-19T18:51:24" log="/home/karl/tmp/otp_tests/logs/megaco_test_logs/ct_run.ct@devbox.2012-11-19_18.26.56/tests.megaco_test.logs/run.2012-11-19_18.27.20/ct_framework.end_per_suite.347484.392.html"></testcase></testsuite><testsuite name="megaco_SUITE" time="0.351376" timestamp="2012-11-19T18:49:35" errors="0" tests="4"><testcase group="codec.codec.text.flex_pretty.tickets.flex_compact_tickets.text.flex_pretty.tickets.flex_compact_tickets.text.flex_pretty.tickets.flex_compact_tickets.text.flex_pretty.tickets.flex_compact_tickets.text.flex_pretty.tickets.flex_compact_tickets.text.flex_pretty.load" name="init_per_suite" time="0.048113" timestamp="2012-11-19T18:49:35" log="/home/karl/tmp/otp_tests/logs/megaco_test_logs/ct_run.ct@devbox.2012-11-19_18.26.56/tests.megaco_test.logs/run.2012-11-19_18.27.20/megaco_suite.init_per_suite.347375.29.html"></testcase><testcase group="codec.codec.text.flex_pretty.tickets.flex_compact_tickets.text.flex_pretty.tickets.flex_compact_tickets.text.flex_pretty.tickets.flex_compact_tickets.text.flex_pretty.tickets.flex_compact_tickets.text.flex_pretty.tickets.flex_compact_tickets.text.flex_pretty.load" name="end_per_group" time="0.033136" timestamp="2012-11-19T18:49:35" log="/home/karl/tmp/otp_tests/logs/megaco_test_logs/ct_run.ct@devbox.2012-11-19_18.26.56/tests.megaco_test.logs/run.2012-11-19_18.27.20/megaco_suite.end_per_group.347375.258.html"></testcase><testcase group="codec.codec.text.flex_pretty.tickets.flex_compact_tickets.text.flex_pretty.tickets.flex_compact_tickets.text.flex_pretty.tickets.flex_compact_tickets.text.flex_pretty.tickets.flex_compact_tickets.text.flex_pretty.tickets.flex_compact_tickets.text.flex_pretty.pending_limit" name="init_per_group" time="0.020597" timestamp="2012-11-19T18:49:35" log="/home/karl/tmp/otp_tests/logs/megaco_test_logs/ct_run.ct@devbox.2012-11-19_18.26.56/tests.megaco_test.logs/run.2012-11-19_18.27.20/megaco_suite.init_per_group.347375.342.html"></testcase><testcase group="codec.codec.text.flex_pretty.tickets.flex_compact_tickets.text.flex_pretty.tickets.flex_compact_tickets.text.flex_pretty.tickets.flex_compact_tickets.text.flex_pretty.tickets.flex_compact_tickets.text.flex_pretty.tickets.flex_compact_tickets.text.flex_pretty.pending_limit" name="end_per_suite" time="0.024994" timestamp="2012-11-19T18:49:35" log="/home/karl/tmp/otp_tests/logs/megaco_test_logs/ct_run.ct@devbox.2012-11-19_18.26.56/tests.megaco_test.logs/run.2012-11-19_18.27.20/megaco_suite.end_per_suite.347375.412.html"></testcase></testsuite><testsuite name="megaco_load_test" time="134.417181" timestamp="2012-11-19T18:47:20" errors="0" tests="10"><testcase group="codec.codec.text.flex_pretty.tickets.flex_compact_tickets.text.flex_pretty.tickets.flex_compact_tickets.text.flex_pretty.tickets.flex_compact_tickets.text.flex_pretty.tickets.flex_compact_tickets.text.flex_pretty.tickets.flex_compact_tickets.text.flex_pretty.load" name="init_per_suite" time="0.026502" timestamp="2012-11-19T18:47:20" log="/home/karl/tmp/otp_tests/logs/megaco_test_logs/ct_run.ct@devbox.2012-11-19_18.26.56/tests.megaco_test.logs/run.2012-11-19_18.27.20/ct_framework.init_per_suite.347240.729.html"></testcase><testcase group="codec.codec.text.flex_pretty.tickets.flex_compact_tickets.text.flex_pretty.tickets.flex_compact_tickets.text.flex_pretty.tickets.flex_compact_tickets.text.flex_pretty.tickets.flex_compact_tickets.text.flex_pretty.tickets.flex_compact_tickets.text.flex_pretty.load" name="single_user_light_load" time="5.974806" timestamp="2012-11-19T18:47:20" log="/home/karl/tmp/otp_tests/logs/megaco_test_logs/ct_run.ct@devbox.2012-11-19_18.26.56/tests.megaco_test.logs/run.2012-11-19_18.27.20/megaco_load_test.single_user_light_load.html"></testcase><testcase group="codec.codec.text.flex_pretty.tickets.flex_compact_tickets.text.flex_pretty.tickets.flex_compact_tickets.text.flex_pretty.tickets.flex_compact_tickets.text.flex_pretty.tickets.flex_compact_tickets.text.flex_pretty.tickets.flex_compact_tickets.text.flex_pretty.load" name="single_user_medium_load" time="10.352429" timestamp="2012-11-19T18:47:26" log="/home/karl/tmp/otp_tests/logs/megaco_test_logs/ct_run.ct@devbox.2012-11-19_18.26.56/tests.megaco_test.logs/run.2012-11-19_18.27.20/megaco_load_test.single_user_medium_load.html"></testcase><testcase group="codec.codec.text.flex_pretty.tickets.flex_compact_tickets.text.flex_pretty.tickets.flex_compact_tickets.text.flex_pretty.tickets.flex_compact_tickets.text.flex_pretty.tickets.flex_compact_tickets.text.flex_pretty.tickets.flex_compact_tickets.text.flex_pretty.load" name="single_user_heavy_load" time="13.654114" timestamp="2012-11-19T18:47:37" log="/home/karl/tmp/otp_tests/logs/megaco_test_logs/ct_run.ct@devbox.2012-11-19_18.26.56/tests.megaco_test.logs/run.2012-11-19_18.27.20/megaco_load_test.single_user_heavy_load.html"></testcase><testcase group="codec.codec.text.flex_pretty.tickets.flex_compact_tickets.text.flex_pretty.tickets.flex_compact_tickets.text.flex_pretty.tickets.flex_compact_tickets.text.flex_pretty.tickets.flex_compact_tickets.text.flex_pretty.tickets.flex_compact_tickets.text.flex_pretty.load" name="single_user_extreme_load" time="39.733615" timestamp="2012-11-19T18:47:50" log="/home/karl/tmp/otp_tests/logs/megaco_test_logs/ct_run.ct@devbox.2012-11-19_18.26.56/tests.megaco_test.logs/run.2012-11-19_18.27.20/megaco_load_test.single_user_extreme_load.html"></testcase><testcase group="codec.codec.text.flex_pretty.tickets.flex_compact_tickets.text.flex_pretty.tickets.flex_compact_tickets.text.flex_pretty.tickets.flex_compact_tickets.text.flex_pretty.tickets.flex_compact_tickets.text.flex_pretty.tickets.flex_compact_tickets.text.flex_pretty.load" name="multi_user_light_load" time="5.032095" timestamp="2012-11-19T18:48:30" log="/home/karl/tmp/otp_tests/logs/megaco_test_logs/ct_run.ct@devbox.2012-11-19_18.26.56/tests.megaco_test.logs/run.2012-11-19_18.27.20/megaco_load_test.multi_user_light_load.html"></testcase><testcase group="codec.codec.text.flex_pretty.tickets.flex_compact_tickets.text.flex_pretty.tickets.flex_compact_tickets.text.flex_pretty.tickets.flex_compact_tickets.text.flex_pretty.tickets.flex_compact_tickets.text.flex_pretty.tickets.flex_compact_tickets.text.flex_pretty.load" name="multi_user_medium_load" time="11.155154" timestamp="2012-11-19T18:48:35" log="/home/karl/tmp/otp_tests/logs/megaco_test_logs/ct_run.ct@devbox.2012-11-19_18.26.56/tests.megaco_test.logs/run.2012-11-19_18.27.20/megaco_load_test.multi_user_medium_load.html"></testcase><testcase group="codec.codec.text.flex_pretty.tickets.flex_compact_tickets.text.flex_pretty.tickets.flex_compact_tickets.text.flex_pretty.tickets.flex_compact_tickets.text.flex_pretty.tickets.flex_compact_tickets.text.flex_pretty.tickets.flex_compact_tickets.text.flex_pretty.load" name="multi_user_heavy_load" time="19.645267" timestamp="2012-11-19T18:48:47" log="/home/karl/tmp/otp_tests/logs/megaco_test_logs/ct_run.ct@devbox.2012-11-19_18.26.56/tests.megaco_test.logs/run.2012-11-19_18.27.20/megaco_load_test.multi_user_heavy_load.html"></testcase><testcase group="codec.codec.text.flex_pretty.tickets.flex_compact_tickets.text.flex_pretty.tickets.flex_compact_tickets.text.flex_pretty.tickets.flex_compact_tickets.text.flex_pretty.tickets.flex_compact_tickets.text.flex_pretty.tickets.flex_compact_tickets.text.flex_pretty.load" name="multi_user_extreme_load" time="28.159375" timestamp="2012-11-19T18:49:06" log="/home/karl/tmp/otp_tests/logs/megaco_test_logs/ct_run.ct@devbox.2012-11-19_18.26.56/tests.megaco_test.logs/run.2012-11-19_18.27.20/megaco_load_test.multi_user_extreme_load.html"></testcase><testcase group="codec.codec.text.flex_pretty.tickets.flex_compact_tickets.text.flex_pretty.tickets.flex_compact_tickets.text.flex_pretty.tickets.flex_compact_tickets.text.flex_pretty.tickets.flex_compact_tickets.text.flex_pretty.tickets.flex_compact_tickets.text.flex_pretty.load" name="end_per_suite" time="0.027598" timestamp="2012-11-19T18:49:34" log="/home/karl/tmp/otp_tests/logs/megaco_test_logs/ct_run.ct@devbox.2012-11-19_18.26.56/tests.megaco_test.logs/run.2012-11-19_18.27.20/ct_framework.end_per_suite.347374.951.html"></testcase></testsuite><testsuite name="megaco_SUITE" time="0.360809" timestamp="2012-11-19T18:47:20" errors="0" tests="4"><testcase group="codec.codec.text.flex_pretty.tickets.flex_compact_tickets.text.flex_pretty.tickets.flex_compact_tickets.text.flex_pretty.tickets.flex_compact_tickets.text.flex_pretty.tickets.flex_compact_tickets.text.flex_pretty.tickets.flex_compact_tickets.text.flex_pretty.actions" name="init_per_suite" time="0.058848" timestamp="2012-11-19T18:47:20" log="/home/karl/tmp/otp_tests/logs/megaco_test_logs/ct_run.ct@devbox.2012-11-19_18.26.56/tests.megaco_test.logs/run.2012-11-19_18.27.20/megaco_suite.init_per_suite.347240.258.html"></testcase><testcase group="codec.codec.text.flex_pretty.tickets.flex_compact_tickets.text.flex_pretty.tickets.flex_compact_tickets.text.flex_pretty.tickets.flex_compact_tickets.text.flex_pretty.tickets.flex_compact_tickets.text.flex_pretty.tickets.flex_compact_tickets.text.flex_pretty.actions" name="end_per_group" time="0.034515" timestamp="2012-11-19T18:47:20" log="/home/karl/tmp/otp_tests/logs/megaco_test_logs/ct_run.ct@devbox.2012-11-19_18.26.56/tests.megaco_test.logs/run.2012-11-19_18.27.20/megaco_suite.end_per_group.347240.490.html"></testcase><testcase group="codec.codec.text.flex_pretty.tickets.flex_compact_tickets.text.flex_pretty.tickets.flex_compact_tickets.text.flex_pretty.tickets.flex_compact_tickets.text.flex_pretty.tickets.flex_compact_tickets.text.flex_pretty.tickets.flex_compact_tickets.text.flex_pretty.load" name="init_per_group" time="0.024214" timestamp="2012-11-19T18:47:20" log="/home/karl/tmp/otp_tests/logs/megaco_test_logs/ct_run.ct@devbox.2012-11-19_18.26.56/tests.megaco_test.logs/run.2012-11-19_18.27.20/megaco_suite.init_per_group.347240.574.html"></testcase><testcase group="codec.codec.text.flex_pretty.tickets.flex_compact_tickets.text.flex_pretty.tickets.flex_compact_tickets.text.flex_pretty.tickets.flex_compact_tickets.text.flex_pretty.tickets.flex_compact_tickets.text.flex_pretty.tickets.flex_compact_tickets.text.flex_pretty.load" name="end_per_suite" time="0.028893" timestamp="2012-11-19T18:47:20" log="/home/karl/tmp/otp_tests/logs/megaco_test_logs/ct_run.ct@devbox.2012-11-19_18.26.56/tests.megaco_test.logs/run.2012-11-19_18.27.20/megaco_suite.end_per_suite.347240.653.html"></testcase></testsuite><testsuite name="megaco_actions_test" time="28.317898" timestamp="2012-11-19T18:46:52" errors="6" tests="12"><testcase group="codec.codec.text.flex_pretty.tickets.flex_compact_tickets.text.flex_pretty.tickets.flex_compact_tickets.text.flex_pretty.tickets.flex_compact_tickets.text.flex_pretty.tickets.flex_compact_tickets.text.flex_pretty.tickets.flex_compact_tickets.text.flex_pretty.actions" name="init_per_suite" time="0.033817" timestamp="2012-11-19T18:46:52" log="/home/karl/tmp/otp_tests/logs/megaco_test_logs/ct_run.ct@devbox.2012-11-19_18.26.56/tests.megaco_test.logs/run.2012-11-19_18.27.20/ct_framework.init_per_suite.347212.47.html"></testcase><testcase group="codec.codec.text.flex_pretty.tickets.flex_compact_tickets.text.flex_pretty.tickets.flex_compact_tickets.text.flex_pretty.tickets.flex_compact_tickets.text.flex_pretty.tickets.flex_compact_tickets.text.flex_pretty.tickets.flex_compact_tickets.text.flex_pretty.actions" name="pretty_text" time="6.761817" timestamp="2012-11-19T18:46:52" log="/home/karl/tmp/otp_tests/logs/megaco_test_logs/ct_run.ct@devbox.2012-11-19_18.26.56/tests.megaco_test.logs/run.2012-11-19_18.27.20/megaco_actions_test.pretty_text.html"></testcase><testcase group="codec.codec.text.flex_pretty.tickets.flex_compact_tickets.text.flex_pretty.tickets.flex_compact_tickets.text.flex_pretty.tickets.flex_compact_tickets.text.flex_pretty.tickets.flex_compact_tickets.text.flex_pretty.tickets.flex_compact_tickets.text.flex_pretty.actions" name="flex_pretty_text" time="0.026365" timestamp="2012-11-19T18:46:58" log="/home/karl/tmp/otp_tests/logs/megaco_test_logs/ct_run.ct@devbox.2012-11-19_18.26.56/tests.megaco_test.logs/run.2012-11-19_18.27.20/megaco_actions_test.flex_pretty_text.html"><skipped type="skip" message="Test flex_pretty_text in megaco_actions_test skipped!">{tc_user_skip,{skipped,&quot;Skipping test case megaco_actions_test(117): not_implemented_yet\n&quot;}}</skipped></testcase><testcase group="codec.codec.text.flex_pretty.tickets.flex_compact_tickets.text.flex_pretty.tickets.flex_compact_tickets.text.flex_pretty.tickets.flex_compact_tickets.text.flex_pretty.tickets.flex_compact_tickets.text.flex_pretty.tickets.flex_compact_tickets.text.flex_pretty.actions" name="compact_text" time="6.772582" timestamp="2012-11-19T18:46:59" log="/home/karl/tmp/otp_tests/logs/megaco_test_logs/ct_run.ct@devbox.2012-11-19_18.26.56/tests.megaco_test.logs/run.2012-11-19_18.27.20/megaco_actions_test.compact_text.html"></testcase><testcase group="codec.codec.text.flex_pretty.tickets.flex_compact_tickets.text.flex_pretty.tickets.flex_compact_tickets.text.flex_pretty.tickets.flex_compact_tickets.text.flex_pretty.tickets.flex_compact_tickets.text.flex_pretty.tickets.flex_compact_tickets.text.flex_pretty.actions" name="flex_compact_text" time="0.036560" timestamp="2012-11-19T18:47:05" log="/home/karl/tmp/otp_tests/logs/megaco_test_logs/ct_run.ct@devbox.2012-11-19_18.26.56/tests.megaco_test.logs/run.2012-11-19_18.27.20/megaco_actions_test.flex_compact_text.html"><skipped type="skip" message="Test flex_compact_text in megaco_actions_test skipped!">{tc_user_skip,{skipped,&quot;Skipping test case megaco_actions_test(140): not_implemented_yet\n&quot;}}</skipped></testcase><testcase group="codec.codec.text.flex_pretty.tickets.flex_compact_tickets.text.flex_pretty.tickets.flex_compact_tickets.text.flex_pretty.tickets.flex_compact_tickets.text.flex_pretty.tickets.flex_compact_tickets.text.flex_pretty.tickets.flex_compact_tickets.text.flex_pretty.actions" name="erl_dist" time="6.676949" timestamp="2012-11-19T18:47:06" log="/home/karl/tmp/otp_tests/logs/megaco_test_logs/ct_run.ct@devbox.2012-11-19_18.26.56/tests.megaco_test.logs/run.2012-11-19_18.27.20/megaco_actions_test.erl_dist.html"></testcase><testcase group="codec.codec.text.flex_pretty.tickets.flex_compact_tickets.text.flex_pretty.tickets.flex_compact_tickets.text.flex_pretty.tickets.flex_compact_tickets.text.flex_pretty.tickets.flex_compact_tickets.text.flex_pretty.tickets.flex_compact_tickets.text.flex_pretty.actions" name="erl_dist_mc" time="6.727402" timestamp="2012-11-19T18:47:12" log="/home/karl/tmp/otp_tests/logs/megaco_test_logs/ct_run.ct@devbox.2012-11-19_18.26.56/tests.megaco_test.logs/run.2012-11-19_18.27.20/megaco_actions_test.erl_dist_mc.html"></testcase><testcase group="codec.codec.text.flex_pretty.tickets.flex_compact_tickets.text.flex_pretty.tickets.flex_compact_tickets.text.flex_pretty.tickets.flex_compact_tickets.text.flex_pretty.tickets.flex_compact_tickets.text.flex_pretty.tickets.flex_compact_tickets.text.flex_pretty.actions" name="ber_bin" time="0.026952" timestamp="2012-11-19T18:47:19" log="/home/karl/tmp/otp_tests/logs/megaco_test_logs/ct_run.ct@devbox.2012-11-19_18.26.56/tests.megaco_test.logs/run.2012-11-19_18.27.20/megaco_actions_test.ber_bin.html"><skipped type="skip" message="Test ber_bin in megaco_actions_test skipped!">{tc_user_skip,{skipped,&quot;Skipping test case megaco_actions_test(178): currently_not_supported_by_asn1\n&quot;}}</skipped></testcase><testcase group="codec.codec.text.flex_pretty.tickets.flex_compact_tickets.text.flex_pretty.tickets.flex_compact_tickets.text.flex_pretty.tickets.flex_compact_tickets.text.flex_pretty.tickets.flex_compact_tickets.text.flex_pretty.tickets.flex_compact_tickets.text.flex_pretty.actions" name="ber_bin_drv" time="0.030017" timestamp="2012-11-19T18:47:19" log="/home/karl/tmp/otp_tests/logs/megaco_test_logs/ct_run.ct@devbox.2012-11-19_18.26.56/tests.megaco_test.logs/run.2012-11-19_18.27.20/megaco_actions_test.ber_bin_drv.html"><skipped type="skip" message="Test ber_bin_drv in megaco_actions_test skipped!">{tc_user_skip,{skipped,&quot;Skipping test case megaco_actions_test(186): currently_not_supported_by_asn1\n&quot;}}</skipped></testcase><testcase group="codec.codec.text.flex_pretty.tickets.flex_compact_tickets.text.flex_pretty.tickets.flex_compact_tickets.text.flex_pretty.tickets.flex_compact_tickets.text.flex_pretty.tickets.flex_compact_tickets.text.flex_pretty.tickets.flex_compact_tickets.text.flex_pretty.actions" name="ber_bin_native" time="0.030237" timestamp="2012-11-19T18:47:19" log="/home/karl/tmp/otp_tests/logs/megaco_test_logs/ct_run.ct@devbox.2012-11-19_18.26.56/tests.megaco_test.logs/run.2012-11-19_18.27.20/megaco_actions_test.ber_bin_native.html"><skipped type="skip" message="Test ber_bin_native in megaco_actions_test skipped!">{tc_user_skip,{skipped,&quot;Skipping test case megaco_actions_test(194): currently_not_supported_by_asn1\n&quot;}}</skipped></testcase><testcase group="codec.codec.text.flex_pretty.tickets.flex_compact_tickets.text.flex_pretty.tickets.flex_compact_tickets.text.flex_pretty.tickets.flex_compact_tickets.text.flex_pretty.tickets.flex_compact_tickets.text.flex_pretty.tickets.flex_compact_tickets.text.flex_pretty.actions" name="ber_bin_drv_native" time="0.030606" timestamp="2012-11-19T18:47:20" log="/home/karl/tmp/otp_tests/logs/megaco_test_logs/ct_run.ct@devbox.2012-11-19_18.26.56/tests.megaco_test.logs/run.2012-11-19_18.27.20/megaco_actions_test.ber_bin_drv_native.html"><skipped type="skip" message="Test ber_bin_drv_native in megaco_actions_test skipped!">{tc_user_skip,{skipped,&quot;Skipping test case megaco_actions_test(202): currently_not_supported_by_asn1\n&quot;}}</skipped></testcase><testcase group="codec.codec.text.flex_pretty.tickets.flex_compact_tickets.text.flex_pretty.tickets.flex_compact_tickets.text.flex_pretty.tickets.flex_compact_tickets.text.flex_pretty.tickets.flex_compact_tickets.text.flex_pretty.tickets.flex_compact_tickets.text.flex_pretty.actions" name="end_per_suite" time="0.029135" timestamp="2012-11-19T18:47:20" log="/home/karl/tmp/otp_tests/logs/megaco_test_logs/ct_run.ct@devbox.2012-11-19_18.26.56/tests.megaco_test.logs/run.2012-11-19_18.27.20/ct_framework.end_per_suite.347240.172.html"></testcase></testsuite><testsuite name="megaco_SUITE" time="0.325372" timestamp="2012-11-19T18:46:51" errors="0" tests="4"><testcase group="codec.codec.text.flex_pretty.tickets.flex_compact_tickets.text.flex_pretty.tickets.flex_compact_tickets.text.flex_pretty.tickets.flex_compact_tickets.text.flex_pretty.tickets.flex_compact_tickets.text.flex_pretty.tickets.flex_compact_tickets.text.flex_pretty.trans" name="init_per_suite" time="0.045804" timestamp="2012-11-19T18:46:51" log="/home/karl/tmp/otp_tests/logs/megaco_test_logs/ct_run.ct@devbox.2012-11-19_18.26.56/tests.megaco_test.logs/run.2012-11-19_18.27.20/megaco_suite.init_per_suite.347211.609.html"></testcase><testcase group="codec.codec.text.flex_pretty.tickets.flex_compact_tickets.text.flex_pretty.tickets.flex_compact_tickets.text.flex_pretty.tickets.flex_compact_tickets.text.flex_pretty.tickets.flex_compact_tickets.text.flex_pretty.tickets.flex_compact_tickets.text.flex_pretty.trans" name="end_per_group" time="0.028869" timestamp="2012-11-19T18:46:51" log="/home/karl/tmp/otp_tests/logs/megaco_test_logs/ct_run.ct@devbox.2012-11-19_18.26.56/tests.megaco_test.logs/run.2012-11-19_18.27.20/megaco_suite.end_per_group.347211.831.html"></testcase><testcase group="codec.codec.text.flex_pretty.tickets.flex_compact_tickets.text.flex_pretty.tickets.flex_compact_tickets.text.flex_pretty.tickets.flex_compact_tickets.text.flex_pretty.tickets.flex_compact_tickets.text.flex_pretty.tickets.flex_compact_tickets.text.flex_pretty.actions" name="init_per_group" time="0.019232" timestamp="2012-11-19T18:46:51" log="/home/karl/tmp/otp_tests/logs/megaco_test_logs/ct_run.ct@devbox.2012-11-19_18.26.56/tests.megaco_test.logs/run.2012-11-19_18.27.20/megaco_suite.init_per_group.347211.905.html"></testcase><testcase group="codec.codec.text.flex_pretty.tickets.flex_compact_tickets.text.flex_pretty.tickets.flex_compact_tickets.text.flex_pretty.tickets.flex_compact_tickets.text.flex_pretty.tickets.flex_compact_tickets.text.flex_pretty.tickets.flex_compact_tickets.text.flex_pretty.actions" name="end_per_suite" time="0.023613" timestamp="2012-11-19T18:46:51" log="/home/karl/tmp/otp_tests/logs/megaco_test_logs/ct_run.ct@devbox.2012-11-19_18.26.56/tests.megaco_test.logs/run.2012-11-19_18.27.20/megaco_suite.end_per_suite.347211.970.html"></testcase></testsuite><testsuite name="megaco_trans_test" time="208.560362" timestamp="2012-11-19T18:43:23" errors="6" tests="41"><testcase group="codec.codec.text.flex_pretty.tickets.flex_compact_tickets.text.flex_pretty.tickets.flex_compact_tickets.text.flex_pretty.tickets.flex_compact_tickets.text.flex_pretty.tickets.flex_compact_tickets.text.flex_pretty.tickets.flex_compact_tickets.text.flex_pretty.trans" name="init_per_suite" time="0.028354" timestamp="2012-11-19T18:43:23" log="/home/karl/tmp/otp_tests/logs/megaco_test_logs/ct_run.ct@devbox.2012-11-19_18.26.56/tests.megaco_test.logs/run.2012-11-19_18.27.20/ct_framework.init_per_suite.347003.165.html"></testcase><testcase group="codec.codec.text.flex_pretty.tickets.flex_compact_tickets.text.flex_pretty.tickets.flex_compact_tickets.text.flex_pretty.tickets.flex_compact_tickets.text.flex_pretty.tickets.flex_compact_tickets.text.flex_pretty.tickets.flex_compact_tickets.text.flex_pretty.trans.ack" name="init_per_group" time="0.029467" timestamp="2012-11-19T18:43:23" log="/home/karl/tmp/otp_tests/logs/megaco_test_logs/ct_run.ct@devbox.2012-11-19_18.26.56/tests.megaco_test.logs/run.2012-11-19_18.27.20/megaco_trans_test.init_per_group.html"></testcase><testcase group="codec.codec.text.flex_pretty.tickets.flex_compact_tickets.text.flex_pretty.tickets.flex_compact_tickets.text.flex_pretty.tickets.flex_compact_tickets.text.flex_pretty.tickets.flex_compact_tickets.text.flex_pretty.tickets.flex_compact_tickets.text.flex_pretty.trans.ack" name="single_ack" time="0.956523" timestamp="2012-11-19T18:43:23" log="/home/karl/tmp/otp_tests/logs/megaco_test_logs/ct_run.ct@devbox.2012-11-19_18.26.56/tests.megaco_test.logs/run.2012-11-19_18.27.20/megaco_trans_test.single_ack.html"></testcase><testcase group="codec.codec.text.flex_pretty.tickets.flex_compact_tickets.text.flex_pretty.tickets.flex_compact_tickets.text.flex_pretty.tickets.flex_compact_tickets.text.flex_pretty.tickets.flex_compact_tickets.text.flex_pretty.tickets.flex_compact_tickets.text.flex_pretty.trans.ack" name="multi_ack_timeout" time="0.031080" timestamp="2012-11-19T18:43:24" log="/home/karl/tmp/otp_tests/logs/megaco_test_logs/ct_run.ct@devbox.2012-11-19_18.26.56/tests.megaco_test.logs/run.2012-11-19_18.27.20/megaco_trans_test.multi_ack_timeout.html"><skipped type="skip" message="Test multi_ack_timeout in megaco_trans_test skipped!">{tc_user_skip,{skipped,&quot;Skipping test case megaco_trans_test(220): non_pc_testcase\n&quot;}}</skipped></testcase><testcase group="codec.codec.text.flex_pretty.tickets.flex_compact_tickets.text.flex_pretty.tickets.flex_compact_tickets.text.flex_pretty.tickets.flex_compact_tickets.text.flex_pretty.tickets.flex_compact_tickets.text.flex_pretty.tickets.flex_compact_tickets.text.flex_pretty.trans.ack" name="multi_ack_maxcount" time="7.036682" timestamp="2012-11-19T18:43:24" log="/home/karl/tmp/otp_tests/logs/megaco_test_logs/ct_run.ct@devbox.2012-11-19_18.26.56/tests.megaco_test.logs/run.2012-11-19_18.27.20/megaco_trans_test.multi_ack_maxcount.html"></testcase><testcase group="codec.codec.text.flex_pretty.tickets.flex_compact_tickets.text.flex_pretty.tickets.flex_compact_tickets.text.flex_pretty.tickets.flex_compact_tickets.text.flex_pretty.tickets.flex_compact_tickets.text.flex_pretty.tickets.flex_compact_tickets.text.flex_pretty.trans.ack" name="end_per_group" time="0.030827" timestamp="2012-11-19T18:43:31" log="/home/karl/tmp/otp_tests/logs/megaco_test_logs/ct_run.ct@devbox.2012-11-19_18.26.56/tests.megaco_test.logs/run.2012-11-19_18.27.20/megaco_trans_test.end_per_group.html"></testcase><testcase group="codec.codec.text.flex_pretty.tickets.flex_compact_tickets.text.flex_pretty.tickets.flex_compact_tickets.text.flex_pretty.tickets.flex_compact_tickets.text.flex_pretty.tickets.flex_compact_tickets.text.flex_pretty.tickets.flex_compact_tickets.text.flex_pretty.trans.trans_req" name="init_per_group" time="0.025143" timestamp="2012-11-19T18:43:31" log="/home/karl/tmp/otp_tests/logs/megaco_test_logs/ct_run.ct@devbox.2012-11-19_18.26.56/tests.megaco_test.logs/run.2012-11-19_18.27.20/megaco_trans_test.init_per_group.347011.713.html"></testcase><testcase group="codec.codec.text.flex_pretty.tickets.flex_compact_tickets.text.flex_pretty.tickets.flex_compact_tickets.text.flex_pretty.tickets.flex_compact_tickets.text.flex_pretty.tickets.flex_compact_tickets.text.flex_pretty.tickets.flex_compact_tickets.text.flex_pretty.trans.trans_req" name="single_trans_req" time="6.959666" timestamp="2012-11-19T18:43:31" log="/home/karl/tmp/otp_tests/logs/megaco_test_logs/ct_run.ct@devbox.2012-11-19_18.26.56/tests.megaco_test.logs/run.2012-11-19_18.27.20/megaco_trans_test.single_trans_req.html"></testcase><testcase group="codec.codec.text.flex_pretty.tickets.flex_compact_tickets.text.flex_pretty.tickets.flex_compact_tickets.text.flex_pretty.tickets.flex_compact_tickets.text.flex_pretty.tickets.flex_compact_tickets.text.flex_pretty.tickets.flex_compact_tickets.text.flex_pretty.trans.trans_req" name="multi_trans_req_timeout" time="13.077048" timestamp="2012-11-19T18:43:38" log="/home/karl/tmp/otp_tests/logs/megaco_test_logs/ct_run.ct@devbox.2012-11-19_18.26.56/tests.megaco_test.logs/run.2012-11-19_18.27.20/megaco_trans_test.multi_trans_req_timeout.html"></testcase><testcase group="codec.codec.text.flex_pretty.tickets.flex_compact_tickets.text.flex_pretty.tickets.flex_compact_tickets.text.flex_pretty.tickets.flex_compact_tickets.text.flex_pretty.tickets.flex_compact_tickets.text.flex_pretty.tickets.flex_compact_tickets.text.flex_pretty.trans.trans_req" name="multi_trans_req_maxcount1" time="8.074580" timestamp="2012-11-19T18:43:51" log="/home/karl/tmp/otp_tests/logs/megaco_test_logs/ct_run.ct@devbox.2012-11-19_18.26.56/tests.megaco_test.logs/run.2012-11-19_18.27.20/megaco_trans_test.multi_trans_req_maxcount1.html"></testcase><testcase group="codec.codec.text.flex_pretty.tickets.flex_compact_tickets.text.flex_pretty.tickets.flex_compact_tickets.text.flex_pretty.tickets.flex_compact_tickets.text.flex_pretty.tickets.flex_compact_tickets.text.flex_pretty.tickets.flex_compact_tickets.text.flex_pretty.trans.trans_req" name="multi_trans_req_maxcount2" time="8.091597" timestamp="2012-11-19T18:44:00" log="/home/karl/tmp/otp_tests/logs/megaco_test_logs/ct_run.ct@devbox.2012-11-19_18.26.56/tests.megaco_test.logs/run.2012-11-19_18.27.20/megaco_trans_test.multi_trans_req_maxcount2.html"></testcase><testcase group="codec.codec.text.flex_pretty.tickets.flex_compact_tickets.text.flex_pretty.tickets.flex_compact_tickets.text.flex_pretty.tickets.flex_compact_tickets.text.flex_pretty.tickets.flex_compact_tickets.text.flex_pretty.tickets.flex_compact_tickets.text.flex_pretty.trans.trans_req" name="multi_trans_req_maxsize1" time="8.062563" timestamp="2012-11-19T18:44:08" log="/home/karl/tmp/otp_tests/logs/megaco_test_logs/ct_run.ct@devbox.2012-11-19_18.26.56/tests.megaco_test.logs/run.2012-11-19_18.27.20/megaco_trans_test.multi_trans_req_maxsize1.html"></testcase><testcase group="codec.codec.text.flex_pretty.tickets.flex_compact_tickets.text.flex_pretty.tickets.flex_compact_tickets.text.flex_pretty.tickets.flex_compact_tickets.text.flex_pretty.tickets.flex_compact_tickets.text.flex_pretty.tickets.flex_compact_tickets.text.flex_pretty.trans.trans_req" name="multi_trans_req_maxsize2" time="8.071656" timestamp="2012-11-19T18:44:16" log="/home/karl/tmp/otp_tests/logs/megaco_test_logs/ct_run.ct@devbox.2012-11-19_18.26.56/tests.megaco_test.logs/run.2012-11-19_18.27.20/megaco_trans_test.multi_trans_req_maxsize2.html"></testcase><testcase group="codec.codec.text.flex_pretty.tickets.flex_compact_tickets.text.flex_pretty.tickets.flex_compact_tickets.text.flex_pretty.tickets.flex_compact_tickets.text.flex_pretty.tickets.flex_compact_tickets.text.flex_pretty.tickets.flex_compact_tickets.text.flex_pretty.trans.trans_req" name="end_per_group" time="0.042461" timestamp="2012-11-19T18:44:24" log="/home/karl/tmp/otp_tests/logs/megaco_test_logs/ct_run.ct@devbox.2012-11-19_18.26.56/tests.megaco_test.logs/run.2012-11-19_18.27.20/megaco_trans_test.end_per_group.347064.492.html"></testcase><testcase group="codec.codec.text.flex_pretty.tickets.flex_compact_tickets.text.flex_pretty.tickets.flex_compact_tickets.text.flex_pretty.tickets.flex_compact_tickets.text.flex_pretty.tickets.flex_compact_tickets.text.flex_pretty.tickets.flex_compact_tickets.text.flex_pretty.trans.trans_req_and_ack" name="init_per_group" time="0.028697" timestamp="2012-11-19T18:44:24" log="/home/karl/tmp/otp_tests/logs/megaco_test_logs/ct_run.ct@devbox.2012-11-19_18.26.56/tests.megaco_test.logs/run.2012-11-19_18.27.20/megaco_trans_test.init_per_group.347064.586.html"></testcase><testcase group="codec.codec.text.flex_pretty.tickets.flex_compact_tickets.text.flex_pretty.tickets.flex_compact_tickets.text.flex_pretty.tickets.flex_compact_tickets.text.flex_pretty.tickets.flex_compact_tickets.text.flex_pretty.tickets.flex_compact_tickets.text.flex_pretty.trans.trans_req_and_ack" name="single_trans_req_and_ack" time="12.020829" timestamp="2012-11-19T18:44:24" log="/home/karl/tmp/otp_tests/logs/megaco_test_logs/ct_run.ct@devbox.2012-11-19_18.26.56/tests.megaco_test.logs/run.2012-11-19_18.27.20/megaco_trans_test.single_trans_req_and_ack.html"></testcase><testcase group="codec.codec.text.flex_pretty.tickets.flex_compact_tickets.text.flex_pretty.tickets.flex_compact_tickets.text.flex_pretty.tickets.flex_compact_tickets.text.flex_pretty.tickets.flex_compact_tickets.text.flex_pretty.tickets.flex_compact_tickets.text.flex_pretty.trans.trans_req_and_ack" name="multi_trans_req_and_ack_timeout" time="12.049785" timestamp="2012-11-19T18:44:36" log="/home/karl/tmp/otp_tests/logs/megaco_test_logs/ct_run.ct@devbox.2012-11-19_18.26.56/tests.megaco_test.logs/run.2012-11-19_18.27.20/megaco_trans_test.multi_trans_req_and_ack_timeout.html"></testcase><testcase group="codec.codec.text.flex_pretty.tickets.flex_compact_tickets.text.flex_pretty.tickets.flex_compact_tickets.text.flex_pretty.tickets.flex_compact_tickets.text.flex_pretty.tickets.flex_compact_tickets.text.flex_pretty.tickets.flex_compact_tickets.text.flex_pretty.trans.trans_req_and_ack" name="multi_trans_req_and_ack_ackmaxcount" time="15.063831" timestamp="2012-11-19T18:44:48" log="/home/karl/tmp/otp_tests/logs/megaco_test_logs/ct_run.ct@devbox.2012-11-19_18.26.56/tests.megaco_test.logs/run.2012-11-19_18.27.20/megaco_trans_test.multi_trans_req_and_ack_ackmaxcount.html"></testcase><testcase group="codec.codec.text.flex_pretty.tickets.flex_compact_tickets.text.flex_pretty.tickets.flex_compact_tickets.text.flex_pretty.tickets.flex_compact_tickets.text.flex_pretty.tickets.flex_compact_tickets.text.flex_pretty.tickets.flex_compact_tickets.text.flex_pretty.trans.trans_req_and_ack" name="multi_trans_req_and_ack_reqmaxcount" time="15.126125" timestamp="2012-11-19T18:45:04" log="/home/karl/tmp/otp_tests/logs/megaco_test_logs/ct_run.ct@devbox.2012-11-19_18.26.56/tests.megaco_test.logs/run.2012-11-19_18.27.20/megaco_trans_test.multi_trans_req_and_ack_reqmaxcount.html"></testcase><testcase group="codec.codec.text.flex_pretty.tickets.flex_compact_tickets.text.flex_pretty.tickets.flex_compact_tickets.text.flex_pretty.tickets.flex_compact_tickets.text.flex_pretty.tickets.flex_compact_tickets.text.flex_pretty.tickets.flex_compact_tickets.text.flex_pretty.trans.trans_req_and_ack" name="multi_trans_req_and_ack_maxsize1" time="20.151988" timestamp="2012-11-19T18:45:19" log="/home/karl/tmp/otp_tests/logs/megaco_test_logs/ct_run.ct@devbox.2012-11-19_18.26.56/tests.megaco_test.logs/run.2012-11-19_18.27.20/megaco_trans_test.multi_trans_req_and_ack_maxsize1.html"></testcase><testcase group="codec.codec.text.flex_pretty.tickets.flex_compact_tickets.text.flex_pretty.tickets.flex_compact_tickets.text.flex_pretty.tickets.flex_compact_tickets.text.flex_pretty.tickets.flex_compact_tickets.text.flex_pretty.tickets.flex_compact_tickets.text.flex_pretty.trans.trans_req_and_ack" name="multi_trans_req_and_ack_maxsize2" time="15.066332" timestamp="2012-11-19T18:45:39" log="/home/karl/tmp/otp_tests/logs/megaco_test_logs/ct_run.ct@devbox.2012-11-19_18.26.56/tests.megaco_test.logs/run.2012-11-19_18.27.20/megaco_trans_test.multi_trans_req_and_ack_maxsize2.html"></testcase><testcase group="codec.codec.text.flex_pretty.tickets.flex_compact_tickets.text.flex_pretty.tickets.flex_compact_tickets.text.flex_pretty.tickets.flex_compact_tickets.text.flex_pretty.tickets.flex_compact_tickets.text.flex_pretty.tickets.flex_compact_tickets.text.flex_pretty.trans.trans_req_and_ack" name="end_per_group" time="0.028697" timestamp="2012-11-19T18:45:54" log="/home/karl/tmp/otp_tests/logs/megaco_test_logs/ct_run.ct@devbox.2012-11-19_18.26.56/tests.megaco_test.logs/run.2012-11-19_18.27.20/megaco_trans_test.end_per_group.347154.528.html"></testcase><testcase group="codec.codec.text.flex_pretty.tickets.flex_compact_tickets.text.flex_pretty.tickets.flex_compact_tickets.text.flex_pretty.tickets.flex_compact_tickets.text.flex_pretty.tickets.flex_compact_tickets.text.flex_pretty.tickets.flex_compact_tickets.text.flex_pretty.trans.pending" name="init_per_group" time="0.036501" timestamp="2012-11-19T18:45:54" log="/home/karl/tmp/otp_tests/logs/megaco_test_logs/ct_run.ct@devbox.2012-11-19_18.26.56/tests.megaco_test.logs/run.2012-11-19_18.27.20/megaco_trans_test.init_per_group.347154.621.html"></testcase><testcase group="codec.codec.text.flex_pretty.tickets.flex_compact_tickets.text.flex_pretty.tickets.flex_compact_tickets.text.flex_pretty.tickets.flex_compact_tickets.text.flex_pretty.tickets.flex_compact_tickets.text.flex_pretty.tickets.flex_compact_tickets.text.flex_pretty.trans.pending" name="single_trans_req_and_pending" time="0.030495" timestamp="2012-11-19T18:45:54" log="/home/karl/tmp/otp_tests/logs/megaco_test_logs/ct_run.ct@devbox.2012-11-19_18.26.56/tests.megaco_test.logs/run.2012-11-19_18.27.20/megaco_trans_test.single_trans_req_and_pending.html"><skipped type="skip" message="Test single_trans_req_and_pending in megaco_trans_test skipped!">{tc_user_skip,{skipped,&quot;Skipping test case megaco_trans_test(6151): not_yet_implemented\n&quot;}}</skipped></testcase><testcase group="codec.codec.text.flex_pretty.tickets.flex_compact_tickets.text.flex_pretty.tickets.flex_compact_tickets.text.flex_pretty.tickets.flex_compact_tickets.text.flex_pretty.tickets.flex_compact_tickets.text.flex_pretty.tickets.flex_compact_tickets.text.flex_pretty.trans.pending" name="multi_trans_req_and_pending" time="0.031167" timestamp="2012-11-19T18:45:54" log="/home/karl/tmp/otp_tests/logs/megaco_test_logs/ct_run.ct@devbox.2012-11-19_18.26.56/tests.megaco_test.logs/run.2012-11-19_18.27.20/megaco_trans_test.multi_trans_req_and_pending.html"><skipped type="skip" message="Test multi_trans_req_and_pending in megaco_trans_test skipped!">{tc_user_skip,{skipped,&quot;Skipping test case megaco_trans_test(6161): not_yet_implemented\n&quot;}}</skipped></testcase><testcase group="codec.codec.text.flex_pretty.tickets.flex_compact_tickets.text.flex_pretty.tickets.flex_compact_tickets.text.flex_pretty.tickets.flex_compact_tickets.text.flex_pretty.tickets.flex_compact_tickets.text.flex_pretty.tickets.flex_compact_tickets.text.flex_pretty.trans.pending" name="multi_trans_req_and_ack_and_pending" time="11.087480" timestamp="2012-11-19T18:45:55" log="/home/karl/tmp/otp_tests/logs/megaco_test_logs/ct_run.ct@devbox.2012-11-19_18.26.56/tests.megaco_test.logs/run.2012-11-19_18.27.20/megaco_trans_test.multi_trans_req_and_ack_and_pending.html"></testcase><testcase group="codec.codec.text.flex_pretty.tickets.flex_compact_tickets.text.flex_pretty.tickets.flex_compact_tickets.text.flex_pretty.tickets.flex_compact_tickets.text.flex_pretty.tickets.flex_compact_tickets.text.flex_pretty.tickets.flex_compact_tickets.text.flex_pretty.trans.pending" name="multi_ack_and_pending" time="0.030936" timestamp="2012-11-19T18:46:06" log="/home/karl/tmp/otp_tests/logs/megaco_test_logs/ct_run.ct@devbox.2012-11-19_18.26.56/tests.megaco_test.logs/run.2012-11-19_18.27.20/megaco_trans_test.multi_ack_and_pending.html"><skipped type="skip" message="Test multi_ack_and_pending in megaco_trans_test skipped!">{tc_user_skip,{skipped,&quot;Skipping test case megaco_trans_test(6739): not_yet_implemented\n&quot;}}</skipped></testcase><testcase group="codec.codec.text.flex_pretty.tickets.flex_compact_tickets.text.flex_pretty.tickets.flex_compact_tickets.text.flex_pretty.tickets.flex_compact_tickets.text.flex_pretty.tickets.flex_compact_tickets.text.flex_pretty.tickets.flex_compact_tickets.text.flex_pretty.trans.pending" name="end_per_group" time="0.027428" timestamp="2012-11-19T18:46:06" log="/home/karl/tmp/otp_tests/logs/megaco_test_logs/ct_run.ct@devbox.2012-11-19_18.26.56/tests.megaco_test.logs/run.2012-11-19_18.27.20/megaco_trans_test.end_per_group.347166.277.html"></testcase><testcase group="codec.codec.text.flex_pretty.tickets.flex_compact_tickets.text.flex_pretty.tickets.flex_compact_tickets.text.flex_pretty.tickets.flex_compact_tickets.text.flex_pretty.tickets.flex_compact_tickets.text.flex_pretty.tickets.flex_compact_tickets.text.flex_pretty.trans.reply" name="init_per_group" time="0.027195" timestamp="2012-11-19T18:46:06" log="/home/karl/tmp/otp_tests/logs/megaco_test_logs/ct_run.ct@devbox.2012-11-19_18.26.56/tests.megaco_test.logs/run.2012-11-19_18.27.20/megaco_trans_test.init_per_group.347166.379.html"></testcase><testcase group="codec.codec.text.flex_pretty.tickets.flex_compact_tickets.text.flex_pretty.tickets.flex_compact_tickets.text.flex_pretty.tickets.flex_compact_tickets.text.flex_pretty.tickets.flex_compact_tickets.text.flex_pretty.tickets.flex_compact_tickets.text.flex_pretty.trans.reply" name="multi_trans_req_and_reply" time="0.021465" timestamp="2012-11-19T18:46:06" log="/home/karl/tmp/otp_tests/logs/megaco_test_logs/ct_run.ct@devbox.2012-11-19_18.26.56/tests.megaco_test.logs/run.2012-11-19_18.27.20/megaco_trans_test.multi_trans_req_and_reply.html"><skipped type="skip" message="Test multi_trans_req_and_reply in megaco_trans_test skipped!">{tc_user_skip,{skipped,&quot;Skipping test case megaco_trans_test(6749): not_yet_implemented\n&quot;}}</skipped></testcase><testcase group="codec.codec.text.flex_pretty.tickets.flex_compact_tickets.text.flex_pretty.tickets.flex_compact_tickets.text.flex_pretty.tickets.flex_compact_tickets.text.flex_pretty.tickets.flex_compact_tickets.text.flex_pretty.tickets.flex_compact_tickets.text.flex_pretty.trans.reply" name="multi_trans_req_and_ack_and_reply" time="11.123890" timestamp="2012-11-19T18:46:06" log="/home/karl/tmp/otp_tests/logs/megaco_test_logs/ct_run.ct@devbox.2012-11-19_18.26.56/tests.megaco_test.logs/run.2012-11-19_18.27.20/megaco_trans_test.multi_trans_req_and_ack_and_reply.html"></testcase><testcase group="codec.codec.text.flex_pretty.tickets.flex_compact_tickets.text.flex_pretty.tickets.flex_compact_tickets.text.flex_pretty.tickets.flex_compact_tickets.text.flex_pretty.tickets.flex_compact_tickets.text.flex_pretty.tickets.flex_compact_tickets.text.flex_pretty.trans.reply" name="multi_ack_and_reply" time="0.030671" timestamp="2012-11-19T18:46:17" log="/home/karl/tmp/otp_tests/logs/megaco_test_logs/ct_run.ct@devbox.2012-11-19_18.26.56/tests.megaco_test.logs/run.2012-11-19_18.27.20/megaco_trans_test.multi_ack_and_reply.html"><skipped type="skip" message="Test multi_ack_and_reply in megaco_trans_test skipped!">{tc_user_skip,{skipped,&quot;Skipping test case megaco_trans_test(7332): not_yet_implemented\n&quot;}}</skipped></testcase><testcase group="codec.codec.text.flex_pretty.tickets.flex_compact_tickets.text.flex_pretty.tickets.flex_compact_tickets.text.flex_pretty.tickets.flex_compact_tickets.text.flex_pretty.tickets.flex_compact_tickets.text.flex_pretty.tickets.flex_compact_tickets.text.flex_pretty.trans.reply" name="end_per_group" time="0.025099" timestamp="2012-11-19T18:46:17" log="/home/karl/tmp/otp_tests/logs/megaco_test_logs/ct_run.ct@devbox.2012-11-19_18.26.56/tests.megaco_test.logs/run.2012-11-19_18.27.20/megaco_trans_test.end_per_group.347177.917.html"></testcase><testcase group="codec.codec.text.flex_pretty.tickets.flex_compact_tickets.text.flex_pretty.tickets.flex_compact_tickets.text.flex_pretty.tickets.flex_compact_tickets.text.flex_pretty.tickets.flex_compact_tickets.text.flex_pretty.tickets.flex_compact_tickets.text.flex_pretty.trans.tickets" name="init_per_group" time="0.026540" timestamp="2012-11-19T18:46:18" log="/home/karl/tmp/otp_tests/logs/megaco_test_logs/ct_run.ct@devbox.2012-11-19_18.26.56/tests.megaco_test.logs/run.2012-11-19_18.27.20/megaco_trans_test.init_per_group.347177.996.html"></testcase><testcase group="codec.codec.text.flex_pretty.tickets.flex_compact_tickets.text.flex_pretty.tickets.flex_compact_tickets.text.flex_pretty.tickets.flex_compact_tickets.text.flex_pretty.tickets.flex_compact_tickets.text.flex_pretty.tickets.flex_compact_tickets.text.flex_pretty.trans.tickets.otp_7192" name="init_per_group" time="0.019177" timestamp="2012-11-19T18:46:18" log="/home/karl/tmp/otp_tests/logs/megaco_test_logs/ct_run.ct@devbox.2012-11-19_18.26.56/tests.megaco_test.logs/run.2012-11-19_18.27.20/megaco_trans_test.init_per_group.347178.68.html"></testcase><testcase group="codec.codec.text.flex_pretty.tickets.flex_compact_tickets.text.flex_pretty.tickets.flex_compact_tickets.text.flex_pretty.tickets.flex_compact_tickets.text.flex_pretty.tickets.flex_compact_tickets.text.flex_pretty.tickets.flex_compact_tickets.text.flex_pretty.trans.tickets.otp_7192" name="otp_7192_1" time="10.979736" timestamp="2012-11-19T18:46:18" log="/home/karl/tmp/otp_tests/logs/megaco_test_logs/ct_run.ct@devbox.2012-11-19_18.26.56/tests.megaco_test.logs/run.2012-11-19_18.27.20/megaco_trans_test.otp_7192_1.html"></testcase><testcase group="codec.codec.text.flex_pretty.tickets.flex_compact_tickets.text.flex_pretty.tickets.flex_compact_tickets.text.flex_pretty.tickets.flex_compact_tickets.text.flex_pretty.tickets.flex_compact_tickets.text.flex_pretty.tickets.flex_compact_tickets.text.flex_pretty.trans.tickets.otp_7192" name="otp_7192_2" time="11.047983" timestamp="2012-11-19T18:46:29" log="/home/karl/tmp/otp_tests/logs/megaco_test_logs/ct_run.ct@devbox.2012-11-19_18.26.56/tests.megaco_test.logs/run.2012-11-19_18.27.20/megaco_trans_test.otp_7192_2.html"></testcase><testcase group="codec.codec.text.flex_pretty.tickets.flex_compact_tickets.text.flex_pretty.tickets.flex_compact_tickets.text.flex_pretty.tickets.flex_compact_tickets.text.flex_pretty.tickets.flex_compact_tickets.text.flex_pretty.tickets.flex_compact_tickets.text.flex_pretty.trans.tickets.otp_7192" name="otp_7192_3" time="11.036328" timestamp="2012-11-19T18:46:40" log="/home/karl/tmp/otp_tests/logs/megaco_test_logs/ct_run.ct@devbox.2012-11-19_18.26.56/tests.megaco_test.logs/run.2012-11-19_18.27.20/megaco_trans_test.otp_7192_3.html"></testcase><testcase group="codec.codec.text.flex_pretty.tickets.flex_compact_tickets.text.flex_pretty.tickets.flex_compact_tickets.text.flex_pretty.tickets.flex_compact_tickets.text.flex_pretty.tickets.flex_compact_tickets.text.flex_pretty.tickets.flex_compact_tickets.text.flex_pretty.trans.tickets.otp_7192" name="end_per_group" time="0.029602" timestamp="2012-11-19T18:46:51" log="/home/karl/tmp/otp_tests/logs/megaco_test_logs/ct_run.ct@devbox.2012-11-19_18.26.56/tests.megaco_test.logs/run.2012-11-19_18.27.20/megaco_trans_test.end_per_group.347211.363.html"></testcase><testcase group="codec.codec.text.flex_pretty.tickets.flex_compact_tickets.text.flex_pretty.tickets.flex_compact_tickets.text.flex_pretty.tickets.flex_compact_tickets.text.flex_pretty.tickets.flex_compact_tickets.text.flex_pretty.tickets.flex_compact_tickets.text.flex_pretty.trans.tickets" name="end_per_group" time="0.035510" timestamp="2012-11-19T18:46:51" log="/home/karl/tmp/otp_tests/logs/megaco_test_logs/ct_run.ct@devbox.2012-11-19_18.26.56/tests.megaco_test.logs/run.2012-11-19_18.27.20/megaco_trans_test.end_per_group.347211.450.html"></testcase><testcase group="codec.codec.text.flex_pretty.tickets.flex_compact_tickets.text.flex_pretty.tickets.flex_compact_tickets.text.flex_pretty.tickets.flex_compact_tickets.text.flex_pretty.tickets.flex_compact_tickets.text.flex_pretty.tickets.flex_compact_tickets.text.flex_pretty.trans" name="end_per_suite" time="0.025607" timestamp="2012-11-19T18:46:51" log="/home/karl/tmp/otp_tests/logs/megaco_test_logs/ct_run.ct@devbox.2012-11-19_18.26.56/tests.megaco_test.logs/run.2012-11-19_18.27.20/ct_framework.end_per_suite.347211.536.html"></testcase></testsuite><testsuite name="megaco_SUITE" time="0.343801" timestamp="2012-11-19T18:43:22" errors="0" tests="4"><testcase group="codec.codec.text.flex_pretty.tickets.flex_compact_tickets.text.flex_pretty.tickets.flex_compact_tickets.text.flex_pretty.tickets.flex_compact_tickets.text.flex_pretty.tickets.flex_compact_tickets.text.flex_pretty.tickets.flex_compact_tickets.text.flex_pretty.mib" name="init_per_suite" time="0.047671" timestamp="2012-11-19T18:43:22" log="/home/karl/tmp/otp_tests/logs/megaco_test_logs/ct_run.ct@devbox.2012-11-19_18.26.56/tests.megaco_test.logs/run.2012-11-19_18.27.20/megaco_suite.init_per_suite.347002.717.html"></testcase><testcase group="codec.codec.text.flex_pretty.tickets.flex_compact_tickets.text.flex_pretty.tickets.flex_compact_tickets.text.flex_pretty.tickets.flex_compact_tickets.text.flex_pretty.tickets.flex_compact_tickets.text.flex_pretty.tickets.flex_compact_tickets.text.flex_pretty.mib" name="end_per_group" time="0.019764" timestamp="2012-11-19T18:43:22" log="/home/karl/tmp/otp_tests/logs/megaco_test_logs/ct_run.ct@devbox.2012-11-19_18.26.56/tests.megaco_test.logs/run.2012-11-19_18.27.20/megaco_suite.end_per_group.347002.930.html"><
[...]
ts.megaco_test.logs/run.2012-11-19_18.27.20/megaco_udp_test.start_and_stop.html"></testcase><testcase group="udp.start" name="end_per_group" time="0.000742" timestamp="2012-11-19T18:28:02" log="/home/karl/tmp/otp_tests/logs/megaco_test_logs/ct_run.ct@devbox.2012-11-19_18.26.56/tests.megaco_test.logs/run.2012-11-19_18.27.20/megaco_udp_test.end_per_group.html"></testcase><testcase group="udp.sending" name="init_per_group" time="0.000674" timestamp="2012-11-19T18:28:02" log="/home/karl/tmp/otp_tests/logs/megaco_test_logs/ct_run.ct@devbox.2012-11-19_18.26.56/tests.megaco_test.logs/run.2012-11-19_18.27.20/megaco_udp_test.init_per_group.346082.441.html"></testcase><testcase group="udp.sending" name="sendreceive" time="3.708958" timestamp="2012-11-19T18:28:02" log="/home/karl/tmp/otp_tests/logs/megaco_test_logs/ct_run.ct@devbox.2012-11-19_18.26.56/tests.megaco_test.logs/run.2012-11-19_18.27.20/megaco_udp_test.sendreceive.html"></testcase><testcase group="udp.sending" name="block_unblock" time="7.742064" timestamp="2012-11-19T18:28:06" log="/home/karl/tmp/otp_tests/logs/megaco_test_logs/ct_run.ct@devbox.2012-11-19_18.26.56/tests.megaco_test.logs/run.2012-11-19_18.27.20/megaco_udp_test.block_unblock.html"></testcase><testcase group="udp.sending" name="end_per_group" time="0.001674" timestamp="2012-11-19T18:28:13" log="/home/karl/tmp/otp_tests/logs/megaco_test_logs/ct_run.ct@devbox.2012-11-19_18.26.56/tests.megaco_test.logs/run.2012-11-19_18.27.20/megaco_udp_test.end_per_group.346093.978.html"></testcase><testcase group="udp.errors" name="init_per_group" time="0.000886" timestamp="2012-11-19T18:28:14" log="/home/karl/tmp/otp_tests/logs/megaco_test_logs/ct_run.ct@devbox.2012-11-19_18.26.56/tests.megaco_test.logs/run.2012-11-19_18.27.20/megaco_udp_test.init_per_group.346094.11.html"></testcase><testcase group="udp.errors" name="socket_failure" time="1.005221" timestamp="2012-11-19T18:28:14" log="/home/karl/tmp/otp_tests/logs/megaco_test_logs/ct_run.ct@devbox.2012-11-19_18.26.56/tests.megaco_test.logs/run.2012-11-19_18.27.20/megaco_udp_test.socket_failure.html"><skipped type="skip" message="Test socket_failure in megaco_udp_test skipped!">{tc_user_skip,{skipped,&quot;Skipping test case megaco_udp_test(842): not_yet_implemented\n&quot;}}</skipped></testcase><testcase group="udp.errors" name="end_per_group" time="0.000914" timestamp="2012-11-19T18:28:15" log="/home/karl/tmp/otp_tests/logs/megaco_test_logs/ct_run.ct@devbox.2012-11-19_18.26.56/tests.megaco_test.logs/run.2012-11-19_18.27.20/megaco_udp_test.end_per_group.346095.79.html"></testcase><testcase group="udp" name="end_per_suite" time="0.000922" timestamp="2012-11-19T18:28:15" log="/home/karl/tmp/otp_tests/logs/megaco_test_logs/ct_run.ct@devbox.2012-11-19_18.26.56/tests.megaco_test.logs/run.2012-11-19_18.27.20/ct_framework.end_per_suite.346095.121.html"></testcase></testsuite><testsuite name="megaco_SUITE" time="0.119573" timestamp="2012-11-19T18:27:54" errors="0" tests="4"><testcase group="flex" name="init_per_suite" time="0.001347" timestamp="2012-11-19T18:27:54" log="/home/karl/tmp/otp_tests/logs/megaco_test_logs/ct_run.ct@devbox.2012-11-19_18.26.56/tests.megaco_test.logs/run.2012-11-19_18.27.20/megaco_suite.init_per_suite.346074.39.html"></testcase><testcase group="flex" name="end_per_group" time="0.001013" timestamp="2012-11-19T18:27:54" log="/home/karl/tmp/otp_tests/logs/megaco_test_logs/ct_run.ct@devbox.2012-11-19_18.26.56/tests.megaco_test.logs/run.2012-11-19_18.27.20/megaco_suite.end_per_group.346074.197.html"></testcase><testcase group="udp" name="init_per_group" time="0.000615" timestamp="2012-11-19T18:27:54" log="/home/karl/tmp/otp_tests/logs/megaco_test_logs/ct_run.ct@devbox.2012-11-19_18.26.56/tests.megaco_test.logs/run.2012-11-19_18.27.20/megaco_suite.init_per_group.346074.225.html"></testcase><testcase group="udp" name="end_per_suite" time="0.001083" timestamp="2012-11-19T18:27:54" log="/home/karl/tmp/otp_tests/logs/megaco_test_logs/ct_run.ct@devbox.2012-11-19_18.26.56/tests.megaco_test.logs/run.2012-11-19_18.27.20/megaco_suite.end_per_suite.346074.254.html"></testcase></testsuite><testsuite name="megaco_flex_test" time="0.179923" timestamp="2012-11-19T18:27:53" errors="5" tests="5"><testcase group="flex" name="init_per_suite" time="0.002789" timestamp="2012-11-19T18:27:53" log="/home/karl/tmp/otp_tests/logs/megaco_test_logs/ct_run.ct@devbox.2012-11-19_18.26.56/tests.megaco_test.logs/run.2012-11-19_18.27.20/megaco_flex_test.init_per_suite.html"><skipped type="skip" message="Test init_per_suite in megaco_flex_test skipped!">{tc_user_skip,{skipped,&quot;Skipping test case megaco_flex_test(87): flex_scanner_not_enabled\n&quot;}}</skipped></testcase><testcase group="flex" name="plain" time="0.000008" timestamp="2012-11-19T18:27:54" log=""><skipped type="skip" message="Test plain in megaco_flex_test skipped!">{tc_auto_skip,
    {failed,
        {megaco_flex_test,init_per_suite,
            {&apos;EXIT&apos;,
                {skipped,
                    &quot;Skipping test case megaco_flex_test(87): flex_scanner_not_enabled\n&quot;}}}}}</skipped></testcase><testcase group="flex" name="port_exit" time="0.000007" timestamp="2012-11-19T18:27:54" log=""><skipped type="skip" message="Test port_exit in megaco_flex_test skipped!">{tc_auto_skip,
    {failed,
        {megaco_flex_test,init_per_suite,
            {&apos;EXIT&apos;,
                {skipped,
                    &quot;Skipping test case megaco_flex_test(87): flex_scanner_not_enabled\n&quot;}}}}}</skipped></testcase><testcase group="flex" name="garbage_in" time="0.000004" timestamp="2012-11-19T18:27:54" log=""><skipped type="skip" message="Test garbage_in in megaco_flex_test skipped!">{tc_auto_skip,
    {failed,
        {megaco_flex_test,init_per_suite,
            {&apos;EXIT&apos;,
                {skipped,
                    &quot;Skipping test case megaco_flex_test(87): flex_scanner_not_enabled\n&quot;}}}}}</skipped></testcase><testcase group="flex" name="end_per_suite" time="0.000011" timestamp="2012-11-19T18:27:54" log=""><skipped type="skip" message="Test end_per_suite in megaco_flex_test skipped!">{tc_auto_skip,
    {failed,
        {megaco_flex_test,init_per_suite,
            {&apos;EXIT&apos;,
                {skipped,
                    &quot;Skipping test case megaco_flex_test(87): flex_scanner_not_enabled\n&quot;}}}}}</skipped></testcase></testsuite><testsuite name="megaco_SUITE" time="0.119331" timestamp="2012-11-19T18:27:53" errors="0" tests="4"><testcase group="config" name="init_per_suite" time="0.000788" timestamp="2012-11-19T18:27:53" log="/home/karl/tmp/otp_tests/logs/megaco_test_logs/ct_run.ct@devbox.2012-11-19_18.26.56/tests.megaco_test.logs/run.2012-11-19_18.27.20/megaco_suite.init_per_suite.346073.762.html"></testcase><testcase group="config" name="end_per_group" time="0.001043" timestamp="2012-11-19T18:27:53" log="/home/karl/tmp/otp_tests/logs/megaco_test_logs/ct_run.ct@devbox.2012-11-19_18.26.56/tests.megaco_test.logs/run.2012-11-19_18.27.20/megaco_suite.end_per_group.346073.895.html"></testcase><testcase group="flex" name="init_per_group" time="0.000670" timestamp="2012-11-19T18:27:53" log="/home/karl/tmp/otp_tests/logs/megaco_test_logs/ct_run.ct@devbox.2012-11-19_18.26.56/tests.megaco_test.logs/run.2012-11-19_18.27.20/megaco_suite.init_per_group.346073.924.html"></testcase><testcase group="flex" name="end_per_suite" time="0.001142" timestamp="2012-11-19T18:27:53" log="/home/karl/tmp/otp_tests/logs/megaco_test_logs/ct_run.ct@devbox.2012-11-19_18.26.56/tests.megaco_test.logs/run.2012-11-19_18.27.20/megaco_suite.end_per_suite.346073.956.html"></testcase></testsuite><testsuite name="megaco_config_test" time="3.056013" timestamp="2012-11-19T18:27:50" errors="0" tests="12"><testcase group="config" name="init_per_suite" time="0.000757" timestamp="2012-11-19T18:27:50" log="/home/karl/tmp/otp_tests/logs/megaco_test_logs/ct_run.ct@devbox.2012-11-19_18.26.56/tests.megaco_test.logs/run.2012-11-19_18.27.20/ct_framework.init_per_suite.html"></testcase><testcase group="config" name="config" time="1.118807" timestamp="2012-11-19T18:27:50" log="/home/karl/tmp/otp_tests/logs/megaco_test_logs/ct_run.ct@devbox.2012-11-19_18.26.56/tests.megaco_test.logs/run.2012-11-19_18.27.20/megaco_config_test.config.html"></testcase><testcase group="config.transaction_id_counter" name="init_per_group" time="0.000507" timestamp="2012-11-19T18:27:51" log="/home/karl/tmp/otp_tests/logs/megaco_test_logs/ct_run.ct@devbox.2012-11-19_18.26.56/tests.megaco_test.logs/run.2012-11-19_18.27.20/megaco_config_test.init_per_group.html"></testcase><testcase group="config.transaction_id_counter" name="transaction_id_counter_mg" time="0.147812" timestamp="2012-11-19T18:27:52" log="/home/karl/tmp/otp_tests/logs/megaco_test_logs/ct_run.ct@devbox.2012-11-19_18.26.56/tests.megaco_test.logs/run.2012-11-19_18.27.20/megaco_config_test.transaction_id_counter_mg.html"></testcase><testcase group="config.transaction_id_counter" name="transaction_id_counter_mgc" time="1.328843" timestamp="2012-11-19T18:27:52" log="/home/karl/tmp/otp_tests/logs/megaco_test_logs/ct_run.ct@devbox.2012-11-19_18.26.56/tests.megaco_test.logs/run.2012-11-19_18.27.20/megaco_config_test.transaction_id_counter_mgc.html"></testcase><testcase group="config.transaction_id_counter" name="end_per_group" time="0.000413" timestamp="2012-11-19T18:27:53" log="/home/karl/tmp/otp_tests/logs/megaco_test_logs/ct_run.ct@devbox.2012-11-19_18.26.56/tests.megaco_test.logs/run.2012-11-19_18.27.20/megaco_config_test.end_per_group.html"></testcase><testcase group="config.tickets" name="init_per_group" time="0.000632" timestamp="2012-11-19T18:27:53" log="/home/karl/tmp/otp_tests/logs/megaco_test_logs/ct_run.ct@devbox.2012-11-19_18.26.56/tests.megaco_test.logs/run.2012-11-19_18.27.20/megaco_config_test.init_per_group.346073.564.html"></testcase><testcase group="config.tickets" name="otp_7216" time="0.007943" timestamp="2012-11-19T18:27:53" log="/home/karl/tmp/otp_tests/logs/megaco_test_logs/ct_run.ct@devbox.2012-11-19_18.26.56/tests.megaco_test.logs/run.2012-11-19_18.27.20/megaco_config_test.otp_7216.html"></testcase><testcase group="config.tickets" name="otp_8167" time="0.006199" timestamp="2012-11-19T18:27:53" log="/home/karl/tmp/otp_tests/logs/megaco_test_logs/ct_run.ct@devbox.2012-11-19_18.26.56/tests.megaco_test.logs/run.2012-11-19_18.27.20/megaco_config_test.otp_8167.html"></testcase><testcase group="config.tickets" name="otp_8183" time="0.009981" timestamp="2012-11-19T18:27:53" log="/home/karl/tmp/otp_tests/logs/megaco_test_logs/ct_run.ct@devbox.2012-11-19_18.26.56/tests.megaco_test.logs/run.2012-11-19_18.27.20/megaco_config_test.otp_8183.html"></testcase><testcase group="config.tickets" name="end_per_group" time="0.000452" timestamp="2012-11-19T18:27:53" log="/home/karl/tmp/otp_tests/logs/megaco_test_logs/ct_run.ct@devbox.2012-11-19_18.26.56/tests.megaco_test.logs/run.2012-11-19_18.27.20/megaco_config_test.end_per_group.346073.708.html"></testcase><testcase group="config" name="end_per_suite" time="0.000651" timestamp="2012-11-19T18:27:53" log="/home/karl/tmp/otp_tests/logs/megaco_test_logs/ct_run.ct@devbox.2012-11-19_18.26.56/tests.megaco_test.logs/run.2012-11-19_18.27.20/ct_framework.end_per_suite.html"></testcase></testsuite><testsuite name="megaco_SUITE" time="0.124127" timestamp="2012-11-19T18:27:50" errors="0" tests="4"><testcase group="appup_test" name="init_per_suite" time="0.000794" timestamp="2012-11-19T18:27:50" log="/home/karl/tmp/otp_tests/logs/megaco_test_logs/ct_run.ct@devbox.2012-11-19_18.26.56/tests.megaco_test.logs/run.2012-11-19_18.27.20/megaco_suite.init_per_suite.346070.578.html"></testcase><testcase group="appup_test" name="end_per_group" time="0.000627" timestamp="2012-11-19T18:27:50" log="/home/karl/tmp/otp_tests/logs/megaco_test_logs/ct_run.ct@devbox.2012-11-19_18.26.56/tests.megaco_test.logs/run.2012-11-19_18.27.20/megaco_suite.end_per_group.346070.716.html"></testcase><testcase group="config" name="init_per_group" time="0.001970" timestamp="2012-11-19T18:27:50" log="/home/karl/tmp/otp_tests/logs/megaco_test_logs/ct_run.ct@devbox.2012-11-19_18.26.56/tests.megaco_test.logs/run.2012-11-19_18.27.20/megaco_suite.init_per_group.346070.745.html"></testcase><testcase group="config" name="end_per_suite" time="0.000800" timestamp="2012-11-19T18:27:50" log="/home/karl/tmp/otp_tests/logs/megaco_test_logs/ct_run.ct@devbox.2012-11-19_18.26.56/tests.megaco_test.logs/run.2012-11-19_18.27.20/megaco_suite.end_per_suite.346070.775.html"></testcase></testsuite><testsuite name="megaco_appup_test" time="0.208840" timestamp="2012-11-19T18:27:50" errors="0" tests="3"><testcase group="appup_test" name="init_per_suite" time="0.001045" timestamp="2012-11-19T18:27:50" log="/home/karl/tmp/otp_tests/logs/megaco_test_logs/ct_run.ct@devbox.2012-11-19_18.26.56/tests.megaco_test.logs/run.2012-11-19_18.27.20/megaco_appup_test.init_per_suite.html"></testcase><testcase group="appup_test" name="appup" time="0.014351" timestamp="2012-11-19T18:27:50" log="/home/karl/tmp/otp_tests/logs/megaco_test_logs/ct_run.ct@devbox.2012-11-19_18.26.56/tests.megaco_test.logs/run.2012-11-19_18.27.20/megaco_appup_test.appup.html"></testcase><testcase group="appup_test" name="end_per_suite" time="0.000549" timestamp="2012-11-19T18:27:50" log="/home/karl/tmp/otp_tests/logs/megaco_test_logs/ct_run.ct@devbox.2012-11-19_18.26.56/tests.megaco_test.logs/run.2012-11-19_18.27.20/megaco_appup_test.end_per_suite.html"></testcase></testsuite><testsuite name="megaco_SUITE" time="0.108385" timestamp="2012-11-19T18:27:50" errors="0" tests="4"><testcase group="app_test" name="init_per_suite" time="0.000936" timestamp="2012-11-19T18:27:50" log="/home/karl/tmp/otp_tests/logs/megaco_test_logs/ct_run.ct@devbox.2012-11-19_18.26.56/tests.megaco_test.logs/run.2012-11-19_18.27.20/megaco_suite.init_per_suite.346070.255.html"></testcase><testcase group="app_test" name="end_per_group" time="0.000320" timestamp="2012-11-19T18:27:50" log="/home/karl/tmp/otp_tests/logs/megaco_test_logs/ct_run.ct@devbox.2012-11-19_18.26.56/tests.megaco_test.logs/run.2012-11-19_18.27.20/megaco_suite.end_per_group.html"></testcase><testcase group="appup_test" name="init_per_group" time="0.000620" timestamp="2012-11-19T18:27:50" log="/home/karl/tmp/otp_tests/logs/megaco_test_logs/ct_run.ct@devbox.2012-11-19_18.26.56/tests.megaco_test.logs/run.2012-11-19_18.27.20/megaco_suite.init_per_group.346070.422.html"></testcase><testcase group="appup_test" name="end_per_suite" time="0.000444" timestamp="2012-11-19T18:27:50" log="/home/karl/tmp/otp_tests/logs/megaco_test_logs/ct_run.ct@devbox.2012-11-19_18.26.56/tests.megaco_test.logs/run.2012-11-19_18.27.20/megaco_suite.end_per_suite.346070.451.html"></testcase></testsuite><testsuite name="megaco_app_test" time="28.636045" timestamp="2012-11-19T18:27:21" errors="1" tests="7"><testcase group="app_test" name="init_per_suite" time="0.798021" timestamp="2012-11-19T18:27:21" log="/home/karl/tmp/otp_tests/logs/megaco_test_logs/ct_run.ct@devbox.2012-11-19_18.26.56/tests.megaco_test.logs/run.2012-11-19_18.27.20/megaco_app_test.init_per_suite.html"></testcase><testcase group="app_test" name="fields" time="0.001619" timestamp="2012-11-19T18:27:22" log="/home/karl/tmp/otp_tests/logs/megaco_test_logs/ct_run.ct@devbox.2012-11-19_18.26.56/tests.megaco_test.logs/run.2012-11-19_18.27.20/megaco_app_test.fields.html"></testcase><testcase group="app_test" name="modules" time="0.000932" timestamp="2012-11-19T18:27:22" log="/home/karl/tmp/otp_tests/logs/megaco_test_logs/ct_run.ct@devbox.2012-11-19_18.26.56/tests.megaco_test.logs/run.2012-11-19_18.27.20/megaco_app_test.modules.html"></testcase><testcase group="app_test" name="exportall" time="0.001014" timestamp="2012-11-19T18:27:22" log="/home/karl/tmp/otp_tests/logs/megaco_test_logs/ct_run.ct@devbox.2012-11-19_18.26.56/tests.megaco_test.logs/run.2012-11-19_18.27.20/megaco_app_test.exportall.html"></testcase><testcase group="app_test" name="app_depend" time="0.001817" timestamp="2012-11-19T18:27:22" log="/home/karl/tmp/otp_tests/logs/megaco_test_logs/ct_run.ct@devbox.2012-11-19_18.26.56/tests.megaco_test.logs/run.2012-11-19_18.27.20/megaco_app_test.app_depend.html"></testcase><testcase group="app_test" name="undef_funcs" time="27.505735" timestamp="2012-11-19T18:27:22" log="/home/karl/tmp/otp_tests/logs/megaco_test_logs/ct_run.ct@devbox.2012-11-19_18.26.56/tests.megaco_test.logs/run.2012-11-19_18.27.20/megaco_app_test.undef_funcs.html"><failure message="Test undef_funcs in megaco_app_test failed!" type="crash">{failed,
    {suite_failed,
        {undefined_function_calls,
            [{{megaco_udp_server,receive_message,5},{erlang,spawn_opt,4}},
             {{megaco_udp_server,handle_info,2},{erlang,apply,3}},
             {{megaco_text_parser_v3,yeccpars1,5},{erlang,apply,2}},
             {{megaco_text_parser_v2,yeccpars1,5},{erlang,apply,2}},
             {{megaco_text_parser_v1,yeccpars1,5},{erlang,apply,2}},
             {{megaco_text_parser_prev3c,yeccpars1,5},{erlang,apply,2}},
             {{megaco_text_parser_prev3b,yeccpars1,5},{erlang,apply,2}},
             {{megaco_text_parser_prev3a,yeccpars1,5},{erlang,apply,2}},
             {{megaco_text_mini_parser,yeccpars1,5},{erlang,apply,2}},
             {{megaco_tcp_connection,terminate,2},{erlang,memory,1}},
             {{megaco_tcp_connection,receive_message,5},{erlang,spawn_opt,4}},
             {{megaco_tcp_connection,handle_info,2},{erlang,apply,3}},
             {{megaco_monitor,handle_apply,5},{erlang,apply,3}},
             {{megaco_messenger_misc,do_send_message,4},{erlang,apply,3}},
             {{megaco_messenger,return_unexpected_trans,3},{erlang,apply,3}},
             {{megaco_messenger,return_reply,4},{erlang,apply,3}},
             {{megaco_messenger,receive_message,5},{erlang,spawn_opt,4}},
             {{megaco_messenger,handle_syntax_error_callback,4},
              {erlang,apply,3}},
             {{megaco_messenger,handle_segment_reply_callback,5},
              {erlang,apply,3}},
             {{megaco_messenger,handle_request_callback,5},{erlang,apply,3}},
             {{megaco_messenger,handle_request_abort_callback,4},
              {erlang,apply,3}},
             {{megaco_messenger,handle_message_error,3},{erlang,apply,3}},
             {{megaco_messenger,handle_long_request_callback,4},
              {erlang,apply,3}},
             {{megaco_messenger,handle_disconnect_callback,2},
              {erlang,apply,3}},
             {{megaco_messenger,handle_callback,4},{erlang,apply,3}},
             {{megaco_messenger,do_connect,2},{erlang,apply,3}},
             {{megaco_messenger,connect,5},{erlang,spawn_link,1}},
             {{megaco_messenger,call,3},{erlang,spawn_monitor,1}}]}}}</failure></testcase><testcase group="app_test" name="end_per_suite" time="0.000417" timestamp="2012-11-19T18:27:50" log="/home/karl/tmp/otp_tests/logs/megaco_test_logs/ct_run.ct@devbox.2012-11-19_18.26.56/tests.megaco_test.logs/run.2012-11-19_18.27.20/megaco_app_test.end_per_suite.html"></testcase></testsuite><testsuite name="megaco_SUITE" time="0.089472" timestamp="2012-11-19T18:27:21" errors="0" tests="3"><testcase  name="init_per_suite" time="0.006068" timestamp="2012-11-19T18:27:21" log="/home/karl/tmp/otp_tests/logs/megaco_test_logs/ct_run.ct@devbox.2012-11-19_18.26.56/tests.megaco_test.logs/run.2012-11-19_18.27.20/megaco_suite.init_per_suite.html"></testcase><testcase group="app_test" name="init_per_group" time="0.000088" timestamp="2012-11-19T18:27:21" log="/home/karl/tmp/otp_tests/logs/megaco_test_logs/ct_run.ct@devbox.2012-11-19_18.26.56/tests.megaco_test.logs/run.2012-11-19_18.27.20/megaco_suite.init_per_group.html"></testcase><testcase group="app_test" name="end_per_suite" time="0.000333" timestamp="2012-11-19T18:27:21" log="/home/karl/tmp/otp_tests/logs/megaco_test_logs/ct_run.ct@devbox.2012-11-19_18.26.56/tests.megaco_test.logs/run.2012-11-19_18.27.20/megaco_suite.end_per_suite.html"></testcase></testsuite></testsuites>